Original Adjacency List:
0 <-> 0 [0.000000]
0 <-> 0 [0.000000]
0 <-> 1 [1099555840.000000]
0 <-> 2 [1103388928.000000]
0 <-> 3 [2176989184.000000]
0 <-> 4 [44586064.000000]
0 <-> 5 [44586064.000000]
0 <-> 6 [24456784.000000]
0 <-> 7 [31457280.000000]
0 <-> 8 [40502732.000000]
0 <-> 9 [2185296896.000000]
0 <-> 10 [41943040.000000]
0 <-> 11 [22293032.000000]
0 <-> 12 [29134566.000000]
0 <-> 13 [25599002.000000]
0 <-> 14 [22587018.000000]
0 <-> 15 [2166459648.000000]
0 <-> 16 [25599002.000000]
0 <-> 17 [39568984.000000]
0 <-> 18 [26527108.000000]
0 <-> 19 [20359664.000000]
0 <-> 20 [25599002.000000]
0 <-> 21 [38269432.000000]
0 <-> 22 [13138620.000000]
0 <-> 23 [35481556.000000]
0 <-> 24 [29528168.000000]
0 <-> 25 [9667393.000000]
0 <-> 26 [22218928.000000]
0 <-> 27 [38669572.000000]
0 <-> 28 [11863283.000000]
0 <-> 29 [11863283.000000]
0 <-> 30 [21206138.000000]
0 <-> 31 [16907780.000000]
0 <-> 32 [20760746.000000]
0 <-> 33 [21616948.000000]
0 <-> 34 [14567283.000000]
0 <-> 35 [25940338.000000]
0 <-> 36 [37763296.000000]
0 <-> 1 [1099555840.000000]
0 <-> 2 [1103388928.000000]
0 <-> 3 [2176989184.000000]
0 <-> 4 [44586064.000000]
0 <-> 5 [44586064.000000]
0 <-> 6 [24456784.000000]
0 <-> 7 [31457280.000000]
0 <-> 8 [40502732.000000]
0 <-> 9 [2185296896.000000]
0 <-> 10 [41943040.000000]
0 <-> 11 [22293032.000000]
0 <-> 12 [29134566.000000]
0 <-> 13 [25599002.000000]
0 <-> 14 [22587018.000000]
0 <-> 15 [2166459648.000000]
0 <-> 16 [25599002.000000]
0 <-> 17 [39568984.000000]
0 <-> 18 [26527108.000000]
0 <-> 19 [20359664.000000]
0 <-> 20 [25599002.000000]
0 <-> 21 [38269432.000000]
0 <-> 22 [13138620.000000]
0 <-> 23 [35481556.000000]
0 <-> 24 [29528168.000000]
0 <-> 25 [9667393.000000]
0 <-> 26 [22218928.000000]
0 <-> 27 [38669572.000000]
0 <-> 28 [11863283.000000]
0 <-> 29 [11863283.000000]
0 <-> 30 [21206138.000000]
0 <-> 31 [16907780.000000]
0 <-> 32 [20760746.000000]
0 <-> 33 [21616948.000000]
0 <-> 34 [14567283.000000]
0 <-> 35 [25940338.000000]
0 <-> 36 [37763296.000000]
1 <-> 0 [1099555840.000000]
1 <-> 0 [1099555840.000000]
1 <-> 1 [0.000000]
1 <-> 1 [0.000000]
1 <-> 2 [1512580224.000000]
1 <-> 3 [2393459712.000000]
1 <-> 4 [1065386240.000000]
1 <-> 5 [1065386240.000000]
1 <-> 6 [1086454272.000000]
1 <-> 7 [1073907712.000000]
1 <-> 8 [1084227584.000000]
1 <-> 9 [2404722944.000000]
1 <-> 10 [1065427520.000000]
1 <-> 11 [1084430336.000000]
1 <-> 12 [1084300544.000000]
1 <-> 13 [1084357376.000000]
1 <-> 14 [1090648064.000000]
1 <-> 15 [2385984768.000000]
1 <-> 16 [1078182912.000000]
1 <-> 17 [1065485312.000000]
1 <-> 18 [1090591616.000000]
1 <-> 19 [1082447872.000000]
1 <-> 20 [1084357376.000000]
1 <-> 21 [1092616192.000000]
1 <-> 22 [1092930560.000000]
1 <-> 23 [1065675712.000000]
1 <-> 24 [1095794048.000000]
1 <-> 25 [1093039232.000000]
1 <-> 26 [1078364928.000000]
1 <-> 27 [1090519040.000000]
1 <-> 28 [1090914176.000000]
1 <-> 29 [1090914176.000000]
1 <-> 30 [1095890304.000000]
1 <-> 31 [1090763008.000000]
1 <-> 32 [1084472960.000000]
1 <-> 33 [1093793408.000000]
1 <-> 34 [1086750208.000000]
1 <-> 35 [1074202496.000000]
1 <-> 36 [1097859072.000000]
1 <-> 2 [1512580224.000000]
1 <-> 3 [2393459712.000000]
1 <-> 4 [1065386240.000000]
1 <-> 5 [1065386240.000000]
1 <-> 6 [1086454272.000000]
1 <-> 7 [1073907712.000000]
1 <-> 8 [1084227584.000000]
1 <-> 9 [2404722944.000000]
1 <-> 10 [1065427520.000000]
1 <-> 11 [1084430336.000000]
1 <-> 12 [1084300544.000000]
1 <-> 13 [1084357376.000000]
1 <-> 14 [1090648064.000000]
1 <-> 15 [2385984768.000000]
1 <-> 16 [1078182912.000000]
1 <-> 17 [1065485312.000000]
1 <-> 18 [1090591616.000000]
1 <-> 19 [1082447872.000000]
1 <-> 20 [1084357376.000000]
1 <-> 21 [1092616192.000000]
1 <-> 22 [1092930560.000000]
1 <-> 23 [1065675712.000000]
1 <-> 24 [1095794048.000000]
1 <-> 25 [1093039232.000000]
1 <-> 26 [1078364928.000000]
1 <-> 27 [1090519040.000000]
1 <-> 28 [1090914176.000000]
1 <-> 29 [1090914176.000000]
1 <-> 30 [1095890304.000000]
1 <-> 31 [1090763008.000000]
1 <-> 32 [1084472960.000000]
1 <-> 33 [1093793408.000000]
1 <-> 34 [1086750208.000000]
1 <-> 35 [1074202496.000000]
1 <-> 36 [1097859072.000000]
2 <-> 0 [1103388928.000000]
2 <-> 1 [1512580224.000000]
2 <-> 0 [1103388928.000000]
2 <-> 1 [1512580224.000000]
2 <-> 2 [0.000000]
2 <-> 2 [0.000000]
2 <-> 3 [1073741824.000000]
2 <-> 4 [1073774592.000000]
2 <-> 5 [1073774592.000000]
2 <-> 6 [1082203648.000000]
2 <-> 7 [1084227584.000000]
2 <-> 8 [1065404800.000000]
2 <-> 9 [1082162944.000000]
2 <-> 10 [1077968768.000000]
2 <-> 11 [1086375296.000000]
2 <-> 12 [1077987072.000000]
2 <-> 13 [1082181248.000000]
2 <-> 14 [1082260480.000000]
2 <-> 15 [1063264320.000000]
2 <-> 16 [1088429952.000000]
2 <-> 17 [1082162944.000000]
2 <-> 18 [1078066688.000000]
2 <-> 19 [1091599872.000000]
2 <-> 20 [1082181248.000000]
2 <-> 21 [1065520384.000000]
2 <-> 22 [1091730816.000000]
2 <-> 23 [1091599872.000000]
2 <-> 24 [1073967616.000000]
2 <-> 25 [1095924480.000000]
2 <-> 26 [1095769984.000000]
2 <-> 27 [1065485312.000000]
2 <-> 28 [1094841856.000000]
2 <-> 29 [1094841856.000000]
2 <-> 30 [1082354432.000000]
2 <-> 31 [1088551168.000000]
2 <-> 32 [1088472448.000000]
2 <-> 33 [1082313856.000000]
2 <-> 34 [1095834112.000000]
2 <-> 35 [1096810496.000000]
2 <-> 36 [1065626176.000000]
2 <-> 3 [1073741824.000000]
2 <-> 4 [1073774592.000000]
2 <-> 5 [1073774592.000000]
2 <-> 6 [1082203648.000000]
2 <-> 7 [1084227584.000000]
2 <-> 8 [1065404800.000000]
2 <-> 9 [1082162944.000000]
2 <-> 10 [1077968768.000000]
2 <-> 11 [1086375296.000000]
2 <-> 12 [1077987072.000000]
2 <-> 13 [1082181248.000000]
2 <-> 14 [1082260480.000000]
2 <-> 15 [1063264320.000000]
2 <-> 16 [1088429952.000000]
2 <-> 17 [1082162944.000000]
2 <-> 18 [1078066688.000000]
2 <-> 19 [1091599872.000000]
2 <-> 20 [1082181248.000000]
2 <-> 21 [1065520384.000000]
2 <-> 22 [1091730816.000000]
2 <-> 23 [1091599872.000000]
2 <-> 24 [1073967616.000000]
2 <-> 25 [1095924480.000000]
2 <-> 26 [1095769984.000000]
2 <-> 27 [1065485312.000000]
2 <-> 28 [1094841856.000000]
2 <-> 29 [1094841856.000000]
2 <-> 30 [1082354432.000000]
2 <-> 31 [1088551168.000000]
2 <-> 32 [1088472448.000000]
2 <-> 33 [1082313856.000000]
2 <-> 34 [1095834112.000000]
2 <-> 35 [1096810496.000000]
2 <-> 36 [1065626176.000000]
3 <-> 0 [2176989184.000000]
3 <-> 1 [2393459712.000000]
3 <-> 2 [1073741824.000000]
3 <-> 0 [2176989184.000000]
3 <-> 1 [2393459712.000000]
3 <-> 2 [1073741824.000000]
3 <-> 3 [0.000000]
3 <-> 3 [0.000000]
3 <-> 4 [2147500032.000000]
3 <-> 5 [2147500032.000000]
3 <-> 6 [2155908864.000000]
3 <-> 7 [2157969408.000000]
3 <-> 8 [2139120768.000000]
3 <-> 9 [11863283.000000]
3 <-> 10 [2151694336.000000]
3 <-> 11 [2160091904.000000]
3 <-> 12 [2151703552.000000]
3 <-> 13 [2155897856.000000]
3 <-> 14 [2155937536.000000]
3 <-> 15 [11293509.000000]
3 <-> 16 [2162167808.000000]
3 <-> 17 [2155888640.000000]
3 <-> 18 [2151743232.000000]
3 <-> 19 [2165325568.000000]
3 <-> 20 [2155897856.000000]
3 <-> 21 [2139178368.000000]
3 <-> 22 [2165391616.000000]
3 <-> 23 [2165325568.000000]
3 <-> 24 [2147596544.000000]
3 <-> 25 [2169585920.000000]
3 <-> 26 [2169507840.000000]
3 <-> 27 [2139160832.000000]
3 <-> 28 [2168520192.000000]
3 <-> 29 [2168520192.000000]
3 <-> 30 [2155984640.000000]
3 <-> 31 [2162228736.000000]
3 <-> 32 [2162189056.000000]
3 <-> 33 [2155964416.000000]
3 <-> 34 [2169540352.000000]
3 <-> 35 [2170552320.000000]
3 <-> 36 [2139230976.000000]
3 <-> 4 [2147500032.000000]
3 <-> 5 [2147500032.000000]
3 <-> 6 [2155908864.000000]
3 <-> 7 [2157969408.000000]
3 <-> 8 [2139120768.000000]
3 <-> 9 [11863283.000000]
3 <-> 10 [2151694336.000000]
3 <-> 11 [2160091904.000000]
3 <-> 12 [2151703552.000000]
3 <-> 13 [2155897856.000000]
3 <-> 14 [2155937536.000000]
3 <-> 15 [11293509.000000]
3 <-> 16 [2162167808.000000]
3 <-> 17 [2155888640.000000]
3 <-> 18 [2151743232.000000]
3 <-> 19 [2165325568.000000]
3 <-> 20 [2155897856.000000]
3 <-> 21 [2139178368.000000]
3 <-> 22 [2165391616.000000]
3 <-> 23 [2165325568.000000]
3 <-> 24 [2147596544.000000]
3 <-> 25 [2169585920.000000]
3 <-> 26 [2169507840.000000]
3 <-> 27 [2139160832.000000]
3 <-> 28 [2168520192.000000]
3 <-> 29 [2168520192.000000]
3 <-> 30 [2155984640.000000]
3 <-> 31 [2162228736.000000]
3 <-> 32 [2162189056.000000]
3 <-> 33 [2155964416.000000]
3 <-> 34 [2169540352.000000]
3 <-> 35 [2170552320.000000]
3 <-> 36 [2139230976.000000]
4 <-> 0 [44586064.000000]
4 <-> 1 [1065386240.000000]
4 <-> 2 [1073774592.000000]
4 <-> 3 [2147500032.000000]
4 <-> 0 [44586064.000000]
4 <-> 1 [1065386240.000000]
4 <-> 2 [1073774592.000000]
4 <-> 3 [2147500032.000000]
4 <-> 4 [0.000000]
4 <-> 4 [0.000000]
4 <-> 5 [0.000000]
4 <-> 6 [22587018.000000]
4 <-> 7 [13428325.000000]
4 <-> 8 [20654552.000000]
4 <-> 9 [2155937536.000000]
4 <-> 10 [4194304.000000]
4 <-> 11 [22684168.000000]
4 <-> 12 [19334786.000000]
4 <-> 13 [20654552.000000]
4 <-> 14 [26527108.000000]
4 <-> 15 [2137034880.000000]
4 <-> 16 [19334786.000000]
4 <-> 17 [8388608.000000]
4 <-> 18 [25512956.000000]
4 <-> 19 [24479254.000000]
4 <-> 20 [20654552.000000]
4 <-> 21 [28524352.000000]
4 <-> 22 [32573436.000000]
4 <-> 23 [17825792.000000]
4 <-> 24 [30408704.000000]
4 <-> 25 [35045036.000000]
4 <-> 26 [25361670.000000]
4 <-> 27 [26527108.000000]
4 <-> 28 [32758562.000000]
4 <-> 29 [32758562.000000]
4 <-> 30 [31544540.000000]
4 <-> 31 [29134566.000000]
4 <-> 32 [23911212.000000]
4 <-> 33 [29528168.000000]
4 <-> 34 [30408704.000000]
4 <-> 35 [24546534.000000]
4 <-> 36 [33570812.000000]
4 <-> 5 [0.000000]
4 <-> 6 [22587018.000000]
4 <-> 7 [13428325.000000]
4 <-> 8 [20654552.000000]
4 <-> 9 [2155937536.000000]
4 <-> 10 [4194304.000000]
4 <-> 11 [22684168.000000]
4 <-> 12 [19334786.000000]
4 <-> 13 [20654552.000000]
4 <-> 14 [26527108.000000]
4 <-> 15 [2137034880.000000]
4 <-> 16 [19334786.000000]
4 <-> 17 [8388608.000000]
4 <-> 18 [25512956.000000]
4 <-> 19 [24479254.000000]
4 <-> 20 [20654552.000000]
4 <-> 21 [28524352.000000]
4 <-> 22 [32573436.000000]
4 <-> 23 [17825792.000000]
4 <-> 24 [30408704.000000]
4 <-> 25 [35045036.000000]
4 <-> 26 [25361670.000000]
4 <-> 27 [26527108.000000]
4 <-> 28 [32758562.000000]
4 <-> 29 [32758562.000000]
4 <-> 30 [31544540.000000]
4 <-> 31 [29134566.000000]
4 <-> 32 [23911212.000000]
4 <-> 33 [29528168.000000]
4 <-> 34 [30408704.000000]
4 <-> 35 [24546534.000000]
4 <-> 36 [33570812.000000]
5 <-> 0 [44586064.000000]
5 <-> 1 [1065386240.000000]
5 <-> 2 [1073774592.000000]
5 <-> 3 [2147500032.000000]
5 <-> 4 [0.000000]
5 <-> 0 [44586064.000000]
5 <-> 1 [1065386240.000000]
5 <-> 2 [1073774592.000000]
5 <-> 3 [2147500032.000000]
5 <-> 4 [0.000000]
5 <-> 5 [0.000000]
5 <-> 5 [0.000000]
5 <-> 6 [22587018.000000]
5 <-> 7 [13428325.000000]
5 <-> 8 [20654552.000000]
5 <-> 9 [2155937536.000000]
5 <-> 10 [4194304.000000]
5 <-> 11 [22684168.000000]
5 <-> 12 [19334786.000000]
5 <-> 13 [20654552.000000]
5 <-> 14 [26527108.000000]
5 <-> 15 [2137034880.000000]
5 <-> 16 [19334786.000000]
5 <-> 17 [8388608.000000]
5 <-> 18 [25512956.000000]
5 <-> 19 [24479254.000000]
5 <-> 20 [20654552.000000]
5 <-> 21 [28524352.000000]
5 <-> 22 [32573436.000000]
5 <-> 23 [17825792.000000]
5 <-> 24 [30408704.000000]
5 <-> 25 [35045036.000000]
5 <-> 26 [25361670.000000]
5 <-> 27 [26527108.000000]
5 <-> 28 [32758562.000000]
5 <-> 29 [32758562.000000]
5 <-> 30 [31544540.000000]
5 <-> 31 [29134566.000000]
5 <-> 32 [23911212.000000]
5 <-> 33 [29528168.000000]
5 <-> 34 [30408704.000000]
5 <-> 35 [24546534.000000]
5 <-> 36 [33570812.000000]
5 <-> 6 [22587018.000000]
5 <-> 7 [13428325.000000]
5 <-> 8 [20654552.000000]
5 <-> 9 [2155937536.000000]
5 <-> 10 [4194304.000000]
5 <-> 11 [22684168.000000]
5 <-> 12 [19334786.000000]
5 <-> 13 [20654552.000000]
5 <-> 14 [26527108.000000]
5 <-> 15 [2137034880.000000]
5 <-> 16 [19334786.000000]
5 <-> 17 [8388608.000000]
5 <-> 18 [25512956.000000]
5 <-> 19 [24479254.000000]
5 <-> 20 [20654552.000000]
5 <-> 21 [28524352.000000]
5 <-> 22 [32573436.000000]
5 <-> 23 [17825792.000000]
5 <-> 24 [30408704.000000]
5 <-> 25 [35045036.000000]
5 <-> 26 [25361670.000000]
5 <-> 27 [26527108.000000]
5 <-> 28 [32758562.000000]
5 <-> 29 [32758562.000000]
5 <-> 30 [31544540.000000]
5 <-> 31 [29134566.000000]
5 <-> 32 [23911212.000000]
5 <-> 33 [29528168.000000]
5 <-> 34 [30408704.000000]
5 <-> 35 [24546534.000000]
5 <-> 36 [33570812.000000]
6 <-> 0 [24456784.000000]
6 <-> 1 [1086454272.000000]
6 <-> 2 [1082203648.000000]
6 <-> 3 [2155908864.000000]
6 <-> 4 [22587018.000000]
6 <-> 5 [22587018.000000]
6 <-> 0 [24456784.000000]
6 <-> 1 [1086454272.000000]
6 <-> 2 [1082203648.000000]
6 <-> 3 [2155908864.000000]
6 <-> 4 [22587018.000000]
6 <-> 5 [22587018.000000]
6 <-> 6 [0.000000]
6 <-> 6 [0.000000]
6 <-> 7 [12756478.000000]
6 <-> 8 [16907780.000000]
6 <-> 9 [2164264960.000000]
6 <-> 10 [21386838.000000]
6 <-> 11 [4689374.500000]
6 <-> 12 [4689374.500000]
6 <-> 13 [2097152.000000]
6 <-> 14 [4194304.000000]
6 <-> 15 [2145402880.000000]
6 <-> 16 [10485760.000000]
6 <-> 17 [20971520.000000]
6 <-> 18 [5931641.500000]
6 <-> 19 [10327276.000000]
6 <-> 20 [2097152.000000]
6 <-> 21 [17918074.000000]
6 <-> 22 [11342084.000000]
6 <-> 23 [22997068.000000]
6 <-> 24 [12626527.000000]
6 <-> 25 [15013324.000000]
6 <-> 26 [16005818.000000]
6 <-> 27 [17293558.000000]
6 <-> 28 [13263554.000000]
6 <-> 29 [13263554.000000]
6 <-> 30 [9437184.000000]
6 <-> 31 [7561389.000000]
6 <-> 32 [6631777.000000]
6 <-> 33 [7340032.000000]
6 <-> 34 [13631488.000000]
6 <-> 35 [19334786.000000]
6 <-> 36 [20359664.000000]
6 <-> 7 [12756478.000000]
6 <-> 8 [16907780.000000]
6 <-> 9 [2164264960.000000]
6 <-> 10 [21386838.000000]
6 <-> 11 [4689374.500000]
6 <-> 12 [4689374.500000]
6 <-> 13 [2097152.000000]
6 <-> 14 [4194304.000000]
6 <-> 15 [2145402880.000000]
6 <-> 16 [10485760.000000]
6 <-> 17 [20971520.000000]
6 <-> 18 [5931641.500000]
6 <-> 19 [10327276.000000]
6 <-> 20 [2097152.000000]
6 <-> 21 [17918074.000000]
6 <-> 22 [11342084.000000]
6 <-> 23 [22997068.000000]
6 <-> 24 [12626527.000000]
6 <-> 25 [15013324.000000]
6 <-> 26 [16005818.000000]
6 <-> 27 [17293558.000000]
6 <-> 28 [13263554.000000]
6 <-> 29 [13263554.000000]
6 <-> 30 [9437184.000000]
6 <-> 31 [7561389.000000]
6 <-> 32 [6631777.000000]
6 <-> 33 [7340032.000000]
6 <-> 34 [13631488.000000]
6 <-> 35 [19334786.000000]
6 <-> 36 [20359664.000000]
7 <-> 0 [31457280.000000]
7 <-> 1 [1073907712.000000]
7 <-> 2 [1084227584.000000]
7 <-> 3 [2157969408.000000]
7 <-> 4 [13428325.000000]
7 <-> 5 [13428325.000000]
7 <-> 6 [12756478.000000]
7 <-> 0 [31457280.000000]
7 <-> 1 [1073907712.000000]
7 <-> 2 [1084227584.000000]
7 <-> 3 [2157969408.000000]
7 <-> 4 [13428325.000000]
7 <-> 5 [13428325.000000]
7 <-> 6 [12756478.000000]
7 <-> 7 [0.000000]
7 <-> 7 [0.000000]
7 <-> 8 [21591502.000000]
7 <-> 9 [2166374144.000000]
7 <-> 10 [10485760.000000]
7 <-> 11 [10693419.000000]
7 <-> 12 [12228392.000000]
7 <-> 13 [10693419.000000]
7 <-> 14 [16907780.000000]
7 <-> 15 [2147487744.000000]
7 <-> 16 [5931641.500000]
7 <-> 17 [8646779.000000]
7 <-> 18 [17918074.000000]
7 <-> 19 [11146516.000000]
7 <-> 20 [10693419.000000]
7 <-> 21 [26692388.000000]
7 <-> 22 [20251366.000000]
7 <-> 23 [11146516.000000]
7 <-> 24 [24389256.000000]
7 <-> 25 [22119734.000000]
7 <-> 26 [12273267.000000]
7 <-> 27 [25253054.000000]
7 <-> 28 [19784492.000000]
7 <-> 29 [19784492.000000]
7 <-> 30 [22119734.000000]
7 <-> 31 [17293558.000000]
7 <-> 32 [11293509.000000]
7 <-> 33 [20033016.000000]
7 <-> 34 [17069580.000000]
7 <-> 35 [12582912.000000]
7 <-> 36 [30624882.000000]
7 <-> 8 [21591502.000000]
7 <-> 9 [2166374144.000000]
7 <-> 10 [10485760.000000]
7 <-> 11 [10693419.000000]
7 <-> 12 [12228392.000000]
7 <-> 13 [10693419.000000]
7 <-> 14 [16907780.000000]
7 <-> 15 [2147487744.000000]
7 <-> 16 [5931641.500000]
7 <-> 17 [8646779.000000]
7 <-> 18 [17918074.000000]
7 <-> 19 [11146516.000000]
7 <-> 20 [10693419.000000]
7 <-> 21 [26692388.000000]
7 <-> 22 [20251366.000000]
7 <-> 23 [11146516.000000]
7 <-> 24 [24389256.000000]
7 <-> 25 [22119734.000000]
7 <-> 26 [12273267.000000]
7 <-> 27 [25253054.000000]
7 <-> 28 [19784492.000000]
7 <-> 29 [19784492.000000]
7 <-> 30 [22119734.000000]
7 <-> 31 [17293558.000000]
7 <-> 32 [11293509.000000]
7 <-> 33 [20033016.000000]
7 <-> 34 [17069580.000000]
7 <-> 35 [12582912.000000]
7 <-> 36 [30624882.000000]
8 <-> 0 [40502732.000000]
8 <-> 1 [1084227584.000000]
8 <-> 2 [1065404800.000000]
8 <-> 3 [2139120768.000000]
8 <-> 4 [20654552.000000]
8 <-> 5 [20654552.000000]
8 <-> 6 [16907780.000000]
8 <-> 7 [21591502.000000]
8 <-> 0 [40502732.000000]
8 <-> 1 [1084227584.000000]
8 <-> 2 [1065404800.000000]
8 <-> 3 [2139120768.000000]
8 <-> 4 [20654552.000000]
8 <-> 5 [20654552.000000]
8 <-> 6 [16907780.000000]
8 <-> 7 [21591502.000000]
8 <-> 8 [0.000000]
8 <-> 8 [0.000000]
8 <-> 9 [2147484672.000000]
8 <-> 10 [22684168.000000]
8 <-> 11 [20971520.000000]
8 <-> 12 [12582912.000000]
8 <-> 13 [16777216.000000]
8 <-> 14 [17918074.000000]
8 <-> 15 [2128618624.000000]
8 <-> 16 [23911212.000000]
8 <-> 17 [25253054.000000]
8 <-> 18 [14068123.000000]
8 <-> 19 [26298152.000000]
8 <-> 20 [16777216.000000]
8 <-> 21 [8388608.000000]
8 <-> 22 [27523872.000000]
8 <-> 23 [32302268.000000]
8 <-> 24 [14262176.000000]
8 <-> 25 [31544540.000000]
8 <-> 26 [31052724.000000]
8 <-> 27 [6291456.000000]
8 <-> 28 [30026648.000000]
8 <-> 29 [30026648.000000]
8 <-> 30 [20359664.000000]
8 <-> 31 [23911212.000000]
8 <-> 32 [23068672.000000]
8 <-> 33 [19249296.000000]
8 <-> 34 [30480934.000000]
8 <-> 35 [33158884.000000]
8 <-> 36 [13631488.000000]
8 <-> 9 [2147484672.000000]
8 <-> 10 [22684168.000000]
8 <-> 11 [20971520.000000]
8 <-> 12 [12582912.000000]
8 <-> 13 [16777216.000000]
8 <-> 14 [17918074.000000]
8 <-> 15 [2128618624.000000]
8 <-> 16 [23911212.000000]
8 <-> 17 [25253054.000000]
8 <-> 18 [14068123.000000]
8 <-> 19 [26298152.000000]
8 <-> 20 [16777216.000000]
8 <-> 21 [8388608.000000]
8 <-> 22 [27523872.000000]
8 <-> 23 [32302268.000000]
8 <-> 24 [14262176.000000]
8 <-> 25 [31544540.000000]
8 <-> 26 [31052724.000000]
8 <-> 27 [6291456.000000]
8 <-> 28 [30026648.000000]
8 <-> 29 [30026648.000000]
8 <-> 30 [20359664.000000]
8 <-> 31 [23911212.000000]
8 <-> 32 [23068672.000000]
8 <-> 33 [19249296.000000]
8 <-> 34 [30480934.000000]
8 <-> 35 [33158884.000000]
8 <-> 36 [13631488.000000]
9 <-> 0 [2185296896.000000]
9 <-> 1 [2404722944.000000]
9 <-> 2 [1082162944.000000]
9 <-> 3 [11863283.000000]
9 <-> 4 [2155937536.000000]
9 <-> 5 [2155937536.000000]
9 <-> 6 [2164264960.000000]
9 <-> 7 [2166374144.000000]
9 <-> 8 [2147484672.000000]
9 <-> 0 [2185296896.000000]
9 <-> 1 [2404722944.000000]
9 <-> 2 [1082162944.000000]
9 <-> 3 [11863283.000000]
9 <-> 4 [2155937536.000000]
9 <-> 5 [2155937536.000000]
9 <-> 6 [2164264960.000000]
9 <-> 7 [2166374144.000000]
9 <-> 8 [2147484672.000000]
9 <-> 9 [0.000000]
9 <-> 9 [0.000000]
9 <-> 10 [2160131840.000000]
9 <-> 11 [2168456192.000000]
9 <-> 12 [2160067584.000000]
9 <-> 13 [2164261888.000000]
9 <-> 14 [2164277248.000000]
9 <-> 15 [19334786.000000]
9 <-> 16 [2170556416.000000]
9 <-> 17 [2164325888.000000]
9 <-> 18 [2160082944.000000]
9 <-> 19 [2173698048.000000]
9 <-> 20 [2164261888.000000]
9 <-> 21 [2147509248.000000]
9 <-> 22 [2173723392.000000]
9 <-> 23 [2173762816.000000]
9 <-> 24 [2155915264.000000]
9 <-> 25 [2177917696.000000]
9 <-> 26 [2177896448.000000]
9 <-> 27 [2147500032.000000]
9 <-> 28 [2176859904.000000]
9 <-> 29 [2176859904.000000]
9 <-> 30 [2164303872.000000]
9 <-> 31 [2170568448.000000]
9 <-> 32 [2170553344.000000]
9 <-> 33 [2164291584.000000]
9 <-> 34 [2177896448.000000]
9 <-> 35 [2178957056.000000]
9 <-> 36 [2147541248.000000]
9 <-> 10 [2160131840.000000]
9 <-> 11 [2168456192.000000]
9 <-> 12 [2160067584.000000]
9 <-> 13 [2164261888.000000]
9 <-> 14 [2164277248.000000]
9 <-> 15 [19334786.000000]
9 <-> 16 [2170556416.000000]
9 <-> 17 [2164325888.000000]
9 <-> 18 [2160082944.000000]
9 <-> 19 [2173698048.000000]
9 <-> 20 [2164261888.000000]
9 <-> 21 [2147509248.000000]
9 <-> 22 [2173723392.000000]
9 <-> 23 [2173762816.000000]
9 <-> 24 [2155915264.000000]
9 <-> 25 [2177917696.000000]
9 <-> 26 [2177896448.000000]
9 <-> 27 [2147500032.000000]
9 <-> 28 [2176859904.000000]
9 <-> 29 [2176859904.000000]
9 <-> 30 [2164303872.000000]
9 <-> 31 [2170568448.000000]
9 <-> 32 [2170553344.000000]
9 <-> 33 [2164291584.000000]
9 <-> 34 [2177896448.000000]
9 <-> 35 [2178957056.000000]
9 <-> 36 [2147541248.000000]
10 <-> 0 [41943040.000000]
10 <-> 1 [1065427520.000000]
10 <-> 2 [1077968768.000000]
10 <-> 3 [2151694336.000000]
10 <-> 4 [4194304.000000]
10 <-> 5 [4194304.000000]
10 <-> 6 [21386838.000000]
10 <-> 7 [10485760.000000]
10 <-> 8 [22684168.000000]
10 <-> 9 [2160131840.000000]
10 <-> 0 [41943040.000000]
10 <-> 1 [1065427520.000000]
10 <-> 2 [1077968768.000000]
10 <-> 3 [2151694336.000000]
10 <-> 4 [4194304.000000]
10 <-> 5 [4194304.000000]
10 <-> 6 [21386838.000000]
10 <-> 7 [10485760.000000]
10 <-> 8 [22684168.000000]
10 <-> 9 [2160131840.000000]
10 <-> 10 [0.000000]
10 <-> 10 [0.000000]
10 <-> 11 [20654552.000000]
10 <-> 12 [18874368.000000]
10 <-> 13 [19334786.000000]
10 <-> 14 [25512956.000000]
10 <-> 15 [2141229184.000000]
10 <-> 16 [16379281.000000]
10 <-> 17 [4194304.000000]
10 <-> 18 [25165824.000000]
10 <-> 19 [21616948.000000]
10 <-> 20 [19334786.000000]
10 <-> 21 [30026648.000000]
10 <-> 22 [30480934.000000]
10 <-> 23 [13631488.000000]
10 <-> 24 [30696604.000000]
10 <-> 25 [32573436.000000]
10 <-> 26 [21819454.000000]
10 <-> 27 [28136246.000000]
10 <-> 28 [30245556.000000]
10 <-> 29 [30245556.000000]
10 <-> 30 [30696604.000000]
10 <-> 31 [27262976.000000]
10 <-> 32 [21591502.000000]
10 <-> 33 [28620554.000000]
10 <-> 34 [27523872.000000]
10 <-> 35 [20654552.000000]
10 <-> 36 [34856280.000000]
10 <-> 11 [20654552.000000]
10 <-> 12 [18874368.000000]
10 <-> 13 [19334786.000000]
10 <-> 14 [25512956.000000]
10 <-> 15 [2141229184.000000]
10 <-> 16 [16379281.000000]
10 <-> 17 [4194304.000000]
10 <-> 18 [25165824.000000]
10 <-> 19 [21616948.000000]
10 <-> 20 [19334786.000000]
10 <-> 21 [30026648.000000]
10 <-> 22 [30480934.000000]
10 <-> 23 [13631488.000000]
10 <-> 24 [30696604.000000]
10 <-> 25 [32573436.000000]
10 <-> 26 [21819454.000000]
10 <-> 27 [28136246.000000]
10 <-> 28 [30245556.000000]
10 <-> 29 [30245556.000000]
10 <-> 30 [30696604.000000]
10 <-> 31 [27262976.000000]
10 <-> 32 [21591502.000000]
10 <-> 33 [28620554.000000]
10 <-> 34 [27523872.000000]
10 <-> 35 [20654552.000000]
10 <-> 36 [34856280.000000]
11 <-> 0 [22293032.000000]
11 <-> 1 [1084430336.000000]
11 <-> 2 [1086375296.000000]
11 <-> 3 [2160091904.000000]
11 <-> 4 [22684168.000000]
11 <-> 5 [22684168.000000]
11 <-> 6 [4689374.500000]
11 <-> 7 [10693419.000000]
11 <-> 8 [20971520.000000]
11 <-> 9 [2168456192.000000]
11 <-> 10 [20654552.000000]
11 <-> 0 [22293032.000000]
11 <-> 1 [1084430336.000000]
11 <-> 2 [1086375296.000000]
11 <-> 3 [2160091904.000000]
11 <-> 4 [22684168.000000]
11 <-> 5 [22684168.000000]
11 <-> 6 [4689374.500000]
11 <-> 7 [10693419.000000]
11 <-> 8 [20971520.000000]
11 <-> 9 [2168456192.000000]
11 <-> 10 [20654552.000000]
11 <-> 11 [0.000000]
11 <-> 11 [0.000000]
11 <-> 12 [8388608.000000]
11 <-> 13 [4194304.000000]
11 <-> 14 [7561389.000000]
11 <-> 15 [2149590016.000000]
11 <-> 16 [6631777.000000]
11 <-> 17 [19334786.000000]
11 <-> 18 [10485760.000000]
11 <-> 19 [5646754.500000]
11 <-> 20 [4194304.000000]
11 <-> 21 [22587018.000000]
11 <-> 22 [9892246.000000]
11 <-> 23 [19589016.000000]
11 <-> 24 [17069580.000000]
11 <-> 25 [12626527.000000]
11 <-> 26 [11342084.000000]
11 <-> 27 [21894910.000000]
11 <-> 28 [10485760.000000]
11 <-> 29 [10485760.000000]
11 <-> 30 [12273267.000000]
11 <-> 31 [6631777.000000]
11 <-> 32 [2097152.000000]
11 <-> 33 [10327276.000000]
11 <-> 34 [9667393.000000]
11 <-> 35 [14829104.000000]
11 <-> 36 [25012440.000000]
11 <-> 12 [8388608.000000]
11 <-> 13 [4194304.000000]
11 <-> 14 [7561389.000000]
11 <-> 15 [2149590016.000000]
11 <-> 16 [6631777.000000]
11 <-> 17 [19334786.000000]
11 <-> 18 [10485760.000000]
11 <-> 19 [5646754.500000]
11 <-> 20 [4194304.000000]
11 <-> 21 [22587018.000000]
11 <-> 22 [9892246.000000]
11 <-> 23 [19589016.000000]
11 <-> 24 [17069580.000000]
11 <-> 25 [12626527.000000]
11 <-> 26 [11342084.000000]
11 <-> 27 [21894910.000000]
11 <-> 28 [10485760.000000]
11 <-> 29 [10485760.000000]
11 <-> 30 [12273267.000000]
11 <-> 31 [6631777.000000]
11 <-> 32 [2097152.000000]
11 <-> 33 [10327276.000000]
11 <-> 34 [9667393.000000]
11 <-> 35 [14829104.000000]
11 <-> 36 [25012440.000000]
12 <-> 0 [29134566.000000]
12 <-> 1 [1084300544.000000]
12 <-> 2 [1077987072.000000]
12 <-> 3 [2151703552.000000]
12 <-> 4 [19334786.000000]
12 <-> 5 [19334786.000000]
12 <-> 6 [4689374.500000]
12 <-> 7 [12228392.000000]
12 <-> 8 [12582912.000000]
12 <-> 9 [2160067584.000000]
12 <-> 10 [18874368.000000]
12 <-> 11 [8388608.000000]
12 <-> 0 [29134566.000000]
12 <-> 1 [1084300544.000000]
12 <-> 2 [1077987072.000000]
12 <-> 3 [2151703552.000000]
12 <-> 4 [19334786.000000]
12 <-> 5 [19334786.000000]
12 <-> 6 [4689374.500000]
12 <-> 7 [12228392.000000]
12 <-> 8 [12582912.000000]
12 <-> 9 [2160067584.000000]
12 <-> 10 [18874368.000000]
12 <-> 11 [8388608.000000]
12 <-> 12 [0.000000]
12 <-> 12 [0.000000]
12 <-> 13 [4194304.000000]
12 <-> 14 [7561389.000000]
12 <-> 15 [2141201408.000000]
12 <-> 16 [12228392.000000]
12 <-> 17 [19334786.000000]
12 <-> 18 [6291456.000000]
12 <-> 19 [13791864.000000]
12 <-> 20 [4194304.000000]
12 <-> 21 [15122778.000000]
12 <-> 22 [16005818.000000]
12 <-> 23 [23282166.000000]
12 <-> 24 [12273267.000000]
12 <-> 25 [19700954.000000]
12 <-> 26 [18903472.000000]
12 <-> 27 [14068123.000000]
12 <-> 28 [17918074.000000]
12 <-> 29 [17918074.000000]
12 <-> 30 [12273267.000000]
12 <-> 31 [12228392.000000]
12 <-> 32 [10485760.000000]
12 <-> 33 [10327276.000000]
12 <-> 34 [17948730.000000]
12 <-> 35 [21591502.000000]
12 <-> 36 [18551204.000000]
12 <-> 13 [4194304.000000]
12 <-> 14 [7561389.000000]
12 <-> 15 [2141201408.000000]
12 <-> 16 [12228392.000000]
12 <-> 17 [19334786.000000]
12 <-> 18 [6291456.000000]
12 <-> 19 [13791864.000000]
12 <-> 20 [4194304.000000]
12 <-> 21 [15122778.000000]
12 <-> 22 [16005818.000000]
12 <-> 23 [23282166.000000]
12 <-> 24 [12273267.000000]
12 <-> 25 [19700954.000000]
12 <-> 26 [18903472.000000]
12 <-> 27 [14068123.000000]
12 <-> 28 [17918074.000000]
12 <-> 29 [17918074.000000]
12 <-> 30 [12273267.000000]
12 <-> 31 [12228392.000000]
12 <-> 32 [10485760.000000]
12 <-> 33 [10327276.000000]
12 <-> 34 [17948730.000000]
12 <-> 35 [21591502.000000]
12 <-> 36 [18551204.000000]
13 <-> 0 [25599002.000000]
13 <-> 1 [1084357376.000000]
13 <-> 2 [1082181248.000000]
13 <-> 3 [2155897856.000000]
13 <-> 4 [20654552.000000]
13 <-> 5 [20654552.000000]
13 <-> 6 [2097152.000000]
13 <-> 7 [10693419.000000]
13 <-> 8 [16777216.000000]
13 <-> 9 [2164261888.000000]
13 <-> 10 [19334786.000000]
13 <-> 11 [4194304.000000]
13 <-> 12 [4194304.000000]
13 <-> 0 [25599002.000000]
13 <-> 1 [1084357376.000000]
13 <-> 2 [1082181248.000000]
13 <-> 3 [2155897856.000000]
13 <-> 4 [20654552.000000]
13 <-> 5 [20654552.000000]
13 <-> 6 [2097152.000000]
13 <-> 7 [10693419.000000]
13 <-> 8 [16777216.000000]
13 <-> 9 [2164261888.000000]
13 <-> 10 [19334786.000000]
13 <-> 11 [4194304.000000]
13 <-> 12 [4194304.000000]
13 <-> 13 [0.000000]
13 <-> 13 [0.000000]
13 <-> 14 [6291456.000000]
13 <-> 15 [2145395712.000000]
13 <-> 16 [8897462.000000]
13 <-> 17 [18874368.000000]
13 <-> 18 [7561389.000000]
13 <-> 19 [9667393.000000]
13 <-> 20 [0.000000]
13 <-> 21 [18757498.000000]
13 <-> 22 [12626527.000000]
13 <-> 23 [21102184.000000]
13 <-> 24 [14262176.000000]
13 <-> 25 [16005818.000000]
13 <-> 26 [15013324.000000]
13 <-> 27 [17918074.000000]
13 <-> 28 [14068123.000000]
13 <-> 29 [14068123.000000]
13 <-> 30 [11534336.000000]
13 <-> 31 [8897462.000000]
13 <-> 32 [6291456.000000]
13 <-> 33 [9437184.000000]
13 <-> 34 [13791864.000000]
13 <-> 35 [18040384.000000]
13 <-> 36 [21616948.000000]
13 <-> 14 [6291456.000000]
13 <-> 15 [2145395712.000000]
13 <-> 16 [8897462.000000]
13 <-> 17 [18874368.000000]
13 <-> 18 [7561389.000000]
13 <-> 19 [9667393.000000]
13 <-> 20 [0.000000]
13 <-> 21 [18757498.000000]
13 <-> 22 [12626527.000000]
13 <-> 23 [21102184.000000]
13 <-> 24 [14262176.000000]
13 <-> 25 [16005818.000000]
13 <-> 26 [15013324.000000]
13 <-> 27 [17918074.000000]
13 <-> 28 [14068123.000000]
13 <-> 29 [14068123.000000]
13 <-> 30 [11534336.000000]
13 <-> 31 [8897462.000000]
13 <-> 32 [6291456.000000]
13 <-> 33 [9437184.000000]
13 <-> 34 [13791864.000000]
13 <-> 35 [18040384.000000]
13 <-> 36 [21616948.000000]
14 <-> 0 [22587018.000000]
14 <-> 1 [1090648064.000000]
14 <-> 2 [1082260480.000000]
14 <-> 3 [2155937536.000000]
14 <-> 4 [26527108.000000]
14 <-> 5 [26527108.000000]
14 <-> 6 [4194304.000000]
14 <-> 7 [16907780.000000]
14 <-> 8 [17918074.000000]
14 <-> 9 [2164277248.000000]
14 <-> 10 [25512956.000000]
14 <-> 11 [7561389.000000]
14 <-> 12 [7561389.000000]
14 <-> 13 [6291456.000000]
14 <-> 0 [22587018.000000]
14 <-> 1 [1090648064.000000]
14 <-> 2 [1082260480.000000]
14 <-> 3 [2155937536.000000]
14 <-> 4 [26527108.000000]
14 <-> 5 [26527108.000000]
14 <-> 6 [4194304.000000]
14 <-> 7 [16907780.000000]
14 <-> 8 [17918074.000000]
14 <-> 9 [2164277248.000000]
14 <-> 10 [25512956.000000]
14 <-> 11 [7561389.000000]
14 <-> 12 [7561389.000000]
14 <-> 13 [6291456.000000]
14 <-> 14 [0.000000]
14 <-> 14 [0.000000]
14 <-> 15 [2145423360.000000]
14 <-> 16 [14068123.000000]
14 <-> 17 [25165824.000000]
14 <-> 18 [4194304.000000]
14 <-> 19 [12626527.000000]
14 <-> 20 [6291456.000000]
14 <-> 21 [16907780.000000]
14 <-> 22 [9667393.000000]
14 <-> 23 [26877112.000000]
14 <-> 24 [9892246.000000]
14 <-> 25 [13791864.000000]
14 <-> 26 [18551204.000000]
14 <-> 27 [16777216.000000]
14 <-> 28 [12582912.000000]
14 <-> 29 [12582912.000000]
14 <-> 30 [5242880.000000]
14 <-> 31 [6291456.000000]
14 <-> 32 [8897462.000000]
14 <-> 33 [3145728.000000]
14 <-> 34 [14262176.000000]
14 <-> 35 [22293032.000000]
14 <-> 36 [18312592.000000]
14 <-> 15 [2145423360.000000]
14 <-> 16 [14068123.000000]
14 <-> 17 [25165824.000000]
14 <-> 18 [4194304.000000]
14 <-> 19 [12626527.000000]
14 <-> 20 [6291456.000000]
14 <-> 21 [16907780.000000]
14 <-> 22 [9667393.000000]
14 <-> 23 [26877112.000000]
14 <-> 24 [9892246.000000]
14 <-> 25 [13791864.000000]
14 <-> 26 [18551204.000000]
14 <-> 27 [16777216.000000]
14 <-> 28 [12582912.000000]
14 <-> 29 [12582912.000000]
14 <-> 30 [5242880.000000]
14 <-> 31 [6291456.000000]
14 <-> 32 [8897462.000000]
14 <-> 33 [3145728.000000]
14 <-> 34 [14262176.000000]
14 <-> 35 [22293032.000000]
14 <-> 36 [18312592.000000]
15 <-> 0 [2166459648.000000]
15 <-> 1 [2385984768.000000]
15 <-> 2 [1063264320.000000]
15 <-> 3 [11293509.000000]
15 <-> 4 [2137034880.000000]
15 <-> 5 [2137034880.000000]
15 <-> 6 [2145402880.000000]
15 <-> 7 [2147487744.000000]
15 <-> 8 [2128618624.000000]
15 <-> 9 [19334786.000000]
15 <-> 10 [2141229184.000000]
15 <-> 11 [2149590016.000000]
15 <-> 12 [2141201408.000000]
15 <-> 13 [2145395712.000000]
15 <-> 14 [2145423360.000000]
15 <-> 0 [2166459648.000000]
15 <-> 1 [2385984768.000000]
15 <-> 2 [1063264320.000000]
15 <-> 3 [11293509.000000]
15 <-> 4 [2137034880.000000]
15 <-> 5 [2137034880.000000]
15 <-> 6 [2145402880.000000]
15 <-> 7 [2147487744.000000]
15 <-> 8 [2128618624.000000]
15 <-> 9 [19334786.000000]
15 <-> 10 [2141229184.000000]
15 <-> 11 [2149590016.000000]
15 <-> 12 [2141201408.000000]
15 <-> 13 [2145395712.000000]
15 <-> 14 [2145423360.000000]
15 <-> 15 [0.000000]
15 <-> 15 [0.000000]
15 <-> 16 [2151677952.000000]
15 <-> 17 [2145423360.000000]
15 <-> 18 [2141229184.000000]
15 <-> 19 [2154827776.000000]
15 <-> 20 [2145395712.000000]
15 <-> 21 [2128659840.000000]
15 <-> 22 [2154873600.000000]
15 <-> 23 [2154860544.000000]
15 <-> 24 [2137072256.000000]
15 <-> 25 [2159067904.000000]
15 <-> 26 [2159017984.000000]
15 <-> 27 [2128646528.000000]
15 <-> 28 [2158006016.000000]
15 <-> 29 [2158006016.000000]
15 <-> 30 [2145460608.000000]
15 <-> 31 [2151714816.000000]
15 <-> 32 [2151687168.000000]
15 <-> 33 [2145444096.000000]
15 <-> 34 [2159034368.000000]
15 <-> 35 [2160070656.000000]
15 <-> 36 [2128702464.000000]
15 <-> 16 [2151677952.000000]
15 <-> 17 [2145423360.000000]
15 <-> 18 [2141229184.000000]
15 <-> 19 [2154827776.000000]
15 <-> 20 [2145395712.000000]
15 <-> 21 [2128659840.000000]
15 <-> 22 [2154873600.000000]
15 <-> 23 [2154860544.000000]
15 <-> 24 [2137072256.000000]
15 <-> 25 [2159067904.000000]
15 <-> 26 [2159017984.000000]
15 <-> 27 [2128646528.000000]
15 <-> 28 [2158006016.000000]
15 <-> 29 [2158006016.000000]
15 <-> 30 [2145460608.000000]
15 <-> 31 [2151714816.000000]
15 <-> 32 [2151687168.000000]
15 <-> 33 [2145444096.000000]
15 <-> 34 [2159034368.000000]
15 <-> 35 [2160070656.000000]
15 <-> 36 [2128702464.000000]
16 <-> 0 [25599002.000000]
16 <-> 1 [1078182912.000000]
16 <-> 2 [1088429952.000000]
16 <-> 3 [2162167808.000000]
16 <-> 4 [19334786.000000]
16 <-> 5 [19334786.000000]
16 <-> 6 [10485760.000000]
16 <-> 7 [5931641.500000]
16 <-> 8 [23911212.000000]
16 <-> 9 [2170556416.000000]
16 <-> 10 [16379281.000000]
16 <-> 11 [6631777.000000]
16 <-> 12 [12228392.000000]
16 <-> 13 [8897462.000000]
16 <-> 14 [14068123.000000]
16 <-> 15 [2151677952.000000]
16 <-> 0 [25599002.000000]
16 <-> 1 [1078182912.000000]
16 <-> 2 [1088429952.000000]
16 <-> 3 [2162167808.000000]
16 <-> 4 [19334786.000000]
16 <-> 5 [19334786.000000]
16 <-> 6 [10485760.000000]
16 <-> 7 [5931641.500000]
16 <-> 8 [23911212.000000]
16 <-> 9 [2170556416.000000]
16 <-> 10 [16379281.000000]
16 <-> 11 [6631777.000000]
16 <-> 12 [12228392.000000]
16 <-> 13 [8897462.000000]
16 <-> 14 [14068123.000000]
16 <-> 15 [2151677952.000000]
16 <-> 16 [0.000000]
16 <-> 16 [0.000000]
16 <-> 17 [14068123.000000]
16 <-> 18 [16379281.000000]
16 <-> 19 [5242880.000000]
16 <-> 20 [8897462.000000]
16 <-> 21 [27343516.000000]
16 <-> 22 [15013324.000000]
16 <-> 23 [12970169.000000]
16 <-> 24 [23092490.000000]
16 <-> 25 [16412811.000000]
16 <-> 26 [7340032.000000]
16 <-> 27 [26277240.000000]
16 <-> 28 [14068123.000000]
16 <-> 29 [14068123.000000]
16 <-> 30 [18903472.000000]
16 <-> 31 [12582912.000000]
16 <-> 32 [6291456.000000]
16 <-> 33 [16940264.000000]
16 <-> 34 [11146516.000000]
16 <-> 35 [9378749.000000]
16 <-> 36 [30480934.000000]
16 <-> 17 [14068123.000000]
16 <-> 18 [16379281.000000]
16 <-> 19 [5242880.000000]
16 <-> 20 [8897462.000000]
16 <-> 21 [27343516.000000]
16 <-> 22 [15013324.000000]
16 <-> 23 [12970169.000000]
16 <-> 24 [23092490.000000]
16 <-> 25 [16412811.000000]
16 <-> 26 [7340032.000000]
16 <-> 27 [26277240.000000]
16 <-> 28 [14068123.000000]
16 <-> 29 [14068123.000000]
16 <-> 30 [18903472.000000]
16 <-> 31 [12582912.000000]
16 <-> 32 [6291456.000000]
16 <-> 33 [16940264.000000]
16 <-> 34 [11146516.000000]
16 <-> 35 [9378749.000000]
16 <-> 36 [30480934.000000]
17 <-> 0 [39568984.000000]
17 <-> 1 [1065485312.000000]
17 <-> 2 [1082162944.000000]
17 <-> 3 [2155888640.000000]
17 <-> 4 [8388608.000000]
17 <-> 5 [8388608.000000]
17 <-> 6 [20971520.000000]
17 <-> 7 [8646779.000000]
17 <-> 8 [25253054.000000]
17 <-> 9 [2164325888.000000]
17 <-> 10 [4194304.000000]
17 <-> 11 [19334786.000000]
17 <-> 12 [19334786.000000]
17 <-> 13 [18874368.000000]
17 <-> 14 [25165824.000000]
17 <-> 15 [2145423360.000000]
17 <-> 16 [14068123.000000]
17 <-> 0 [39568984.000000]
17 <-> 1 [1065485312.000000]
17 <-> 2 [1082162944.000000]
17 <-> 3 [2155888640.000000]
17 <-> 4 [8388608.000000]
17 <-> 5 [8388608.000000]
17 <-> 6 [20971520.000000]
17 <-> 7 [8646779.000000]
17 <-> 8 [25253054.000000]
17 <-> 9 [2164325888.000000]
17 <-> 10 [4194304.000000]
17 <-> 11 [19334786.000000]
17 <-> 12 [19334786.000000]
17 <-> 13 [18874368.000000]
17 <-> 14 [25165824.000000]
17 <-> 15 [2145423360.000000]
17 <-> 16 [14068123.000000]
17 <-> 17 [0.000000]
17 <-> 17 [0.000000]
17 <-> 18 [25512956.000000]
17 <-> 19 [19249296.000000]
17 <-> 20 [18874368.000000]
17 <-> 21 [32011636.000000]
17 <-> 22 [28850136.000000]
17 <-> 23 [9437184.000000]
17 <-> 24 [31544540.000000]
17 <-> 25 [30480934.000000]
17 <-> 26 [18551204.000000]
17 <-> 27 [30245556.000000]
17 <-> 28 [28136246.000000]
17 <-> 29 [28136246.000000]
17 <-> 30 [30408704.000000]
17 <-> 31 [25940338.000000]
17 <-> 32 [19895330.000000]
17 <-> 33 [28311552.000000]
17 <-> 34 [25012440.000000]
17 <-> 35 [16907780.000000]
17 <-> 36 [36580128.000000]
17 <-> 18 [25512956.000000]
17 <-> 19 [19249296.000000]
17 <-> 20 [18874368.000000]
17 <-> 21 [32011636.000000]
17 <-> 22 [28850136.000000]
17 <-> 23 [9437184.000000]
17 <-> 24 [31544540.000000]
17 <-> 25 [30480934.000000]
17 <-> 26 [18551204.000000]
17 <-> 27 [30245556.000000]
17 <-> 28 [28136246.000000]
17 <-> 29 [28136246.000000]
17 <-> 30 [30408704.000000]
17 <-> 31 [25940338.000000]
17 <-> 32 [19895330.000000]
17 <-> 33 [28311552.000000]
17 <-> 34 [25012440.000000]
17 <-> 35 [16907780.000000]
17 <-> 36 [36580128.000000]
18 <-> 0 [26527108.000000]
18 <-> 1 [1090591616.000000]
18 <-> 2 [1078066688.000000]
18 <-> 3 [2151743232.000000]
18 <-> 4 [25512956.000000]
18 <-> 5 [25512956.000000]
18 <-> 6 [5931641.500000]
18 <-> 7 [17918074.000000]
18 <-> 8 [14068123.000000]
18 <-> 9 [2160082944.000000]
18 <-> 10 [25165824.000000]
18 <-> 11 [10485760.000000]
18 <-> 12 [6291456.000000]
18 <-> 13 [7561389.000000]
18 <-> 14 [4194304.000000]
18 <-> 15 [2141229184.000000]
18 <-> 16 [16379281.000000]
18 <-> 17 [25512956.000000]
18 <-> 0 [26527108.000000]
18 <-> 1 [1090591616.000000]
18 <-> 2 [1078066688.000000]
18 <-> 3 [2151743232.000000]
18 <-> 4 [25512956.000000]
18 <-> 5 [25512956.000000]
18 <-> 6 [5931641.500000]
18 <-> 7 [17918074.000000]
18 <-> 8 [14068123.000000]
18 <-> 9 [2160082944.000000]
18 <-> 10 [25165824.000000]
18 <-> 11 [10485760.000000]
18 <-> 12 [6291456.000000]
18 <-> 13 [7561389.000000]
18 <-> 14 [4194304.000000]
18 <-> 15 [2141229184.000000]
18 <-> 16 [16379281.000000]
18 <-> 17 [25512956.000000]
18 <-> 18 [0.000000]
18 <-> 18 [0.000000]
18 <-> 19 [16005818.000000]
18 <-> 20 [7561389.000000]
18 <-> 21 [12756478.000000]
18 <-> 22 [13791864.000000]
18 <-> 23 [28620554.000000]
18 <-> 24 [6714162.500000]
18 <-> 25 [17948730.000000]
18 <-> 26 [21819454.000000]
18 <-> 27 [12582912.000000]
18 <-> 28 [16777216.000000]
18 <-> 29 [16777216.000000]
18 <-> 30 [6714162.500000]
18 <-> 31 [10485760.000000]
18 <-> 32 [12228392.000000]
18 <-> 33 [5242880.000000]
18 <-> 34 [18312592.000000]
18 <-> 35 [25253054.000000]
18 <-> 36 [14567283.000000]
18 <-> 19 [16005818.000000]
18 <-> 20 [7561389.000000]
18 <-> 21 [12756478.000000]
18 <-> 22 [13791864.000000]
18 <-> 23 [28620554.000000]
18 <-> 24 [6714162.500000]
18 <-> 25 [17948730.000000]
18 <-> 26 [21819454.000000]
18 <-> 27 [12582912.000000]
18 <-> 28 [16777216.000000]
18 <-> 29 [16777216.000000]
18 <-> 30 [6714162.500000]
18 <-> 31 [10485760.000000]
18 <-> 32 [12228392.000000]
18 <-> 33 [5242880.000000]
18 <-> 34 [18312592.000000]
18 <-> 35 [25253054.000000]
18 <-> 36 [14567283.000000]
19 <-> 0 [20359664.000000]
19 <-> 1 [1082447872.000000]
19 <-> 2 [1091599872.000000]
19 <-> 3 [2165325568.000000]
19 <-> 4 [24479254.000000]
19 <-> 5 [24479254.000000]
19 <-> 6 [10327276.000000]
19 <-> 7 [11146516.000000]
19 <-> 8 [26298152.000000]
19 <-> 9 [2173698048.000000]
19 <-> 10 [21616948.000000]
19 <-> 11 [5646754.500000]
19 <-> 12 [13791864.000000]
19 <-> 13 [9667393.000000]
19 <-> 14 [12626527.000000]
19 <-> 15 [2154827776.000000]
19 <-> 16 [5242880.000000]
19 <-> 17 [19249296.000000]
19 <-> 18 [16005818.000000]
19 <-> 0 [20359664.000000]
19 <-> 1 [1082447872.000000]
19 <-> 2 [1091599872.000000]
19 <-> 3 [2165325568.000000]
19 <-> 4 [24479254.000000]
19 <-> 5 [24479254.000000]
19 <-> 6 [10327276.000000]
19 <-> 7 [11146516.000000]
19 <-> 8 [26298152.000000]
19 <-> 9 [2173698048.000000]
19 <-> 10 [21616948.000000]
19 <-> 11 [5646754.500000]
19 <-> 12 [13791864.000000]
19 <-> 13 [9667393.000000]
19 <-> 14 [12626527.000000]
19 <-> 15 [2154827776.000000]
19 <-> 16 [5242880.000000]
19 <-> 17 [19249296.000000]
19 <-> 18 [16005818.000000]
19 <-> 19 [0.000000]
19 <-> 19 [0.000000]
19 <-> 20 [9667393.000000]
19 <-> 21 [28233772.000000]
19 <-> 22 [10485760.000000]
19 <-> 23 [16777216.000000]
19 <-> 24 [22440506.000000]
19 <-> 25 [11293509.000000]
19 <-> 26 [5931641.500000]
19 <-> 27 [27523872.000000]
19 <-> 28 [8959037.000000]
19 <-> 29 [8959037.000000]
19 <-> 30 [16579442.000000]
19 <-> 31 [8959037.000000]
19 <-> 32 [3780694.500000]
19 <-> 33 [14903065.000000]
19 <-> 34 [5931641.500000]
19 <-> 35 [9892246.000000]
19 <-> 36 [30570982.000000]
19 <-> 20 [9667393.000000]
19 <-> 21 [28233772.000000]
19 <-> 22 [10485760.000000]
19 <-> 23 [16777216.000000]
19 <-> 24 [22440506.000000]
19 <-> 25 [11293509.000000]
19 <-> 26 [5931641.500000]
19 <-> 27 [27523872.000000]
19 <-> 28 [8959037.000000]
19 <-> 29 [8959037.000000]
19 <-> 30 [16579442.000000]
19 <-> 31 [8959037.000000]
19 <-> 32 [3780694.500000]
19 <-> 33 [14903065.000000]
19 <-> 34 [5931641.500000]
19 <-> 35 [9892246.000000]
19 <-> 36 [30570982.000000]
20 <-> 0 [25599002.000000]
20 <-> 1 [1084357376.000000]
20 <-> 2 [1082181248.000000]
20 <-> 3 [2155897856.000000]
20 <-> 4 [20654552.000000]
20 <-> 5 [20654552.000000]
20 <-> 6 [2097152.000000]
20 <-> 7 [10693419.000000]
20 <-> 8 [16777216.000000]
20 <-> 9 [2164261888.000000]
20 <-> 10 [19334786.000000]
20 <-> 11 [4194304.000000]
20 <-> 12 [4194304.000000]
20 <-> 13 [0.000000]
20 <-> 14 [6291456.000000]
20 <-> 15 [2145395712.000000]
20 <-> 16 [8897462.000000]
20 <-> 17 [18874368.000000]
20 <-> 18 [7561389.000000]
20 <-> 19 [9667393.000000]
20 <-> 0 [25599002.000000]
20 <-> 1 [1084357376.000000]
20 <-> 2 [1082181248.000000]
20 <-> 3 [2155897856.000000]
20 <-> 4 [20654552.000000]
20 <-> 5 [20654552.000000]
20 <-> 6 [2097152.000000]
20 <-> 7 [10693419.000000]
20 <-> 8 [16777216.000000]
20 <-> 9 [2164261888.000000]
20 <-> 10 [19334786.000000]
20 <-> 11 [4194304.000000]
20 <-> 12 [4194304.000000]
20 <-> 13 [0.000000]
20 <-> 14 [6291456.000000]
20 <-> 15 [2145395712.000000]
20 <-> 16 [8897462.000000]
20 <-> 17 [18874368.000000]
20 <-> 18 [7561389.000000]
20 <-> 19 [9667393.000000]
20 <-> 20 [0.000000]
20 <-> 20 [0.000000]
20 <-> 21 [18757498.000000]
20 <-> 22 [12626527.000000]
20 <-> 23 [21102184.000000]
20 <-> 24 [14262176.000000]
20 <-> 25 [16005818.000000]
20 <-> 26 [15013324.000000]
20 <-> 27 [17918074.000000]
20 <-> 28 [14068123.000000]
20 <-> 29 [14068123.000000]
20 <-> 30 [11534336.000000]
20 <-> 31 [8897462.000000]
20 <-> 32 [6291456.000000]
20 <-> 33 [9437184.000000]
20 <-> 34 [13791864.000000]
20 <-> 35 [18040384.000000]
20 <-> 36 [21616948.000000]
20 <-> 21 [18757498.000000]
20 <-> 22 [12626527.000000]
20 <-> 23 [21102184.000000]
20 <-> 24 [14262176.000000]
20 <-> 25 [16005818.000000]
20 <-> 26 [15013324.000000]
20 <-> 27 [17918074.000000]
20 <-> 28 [14068123.000000]
20 <-> 29 [14068123.000000]
20 <-> 30 [11534336.000000]
20 <-> 31 [8897462.000000]
20 <-> 32 [6291456.000000]
20 <-> 33 [9437184.000000]
20 <-> 34 [13791864.000000]
20 <-> 35 [18040384.000000]
20 <-> 36 [21616948.000000]
21 <-> 0 [38269432.000000]
21 <-> 1 [1092616192.000000]
21 <-> 2 [1065520384.000000]
21 <-> 3 [2139178368.000000]
21 <-> 4 [28524352.000000]
21 <-> 5 [28524352.000000]
21 <-> 6 [17918074.000000]
21 <-> 7 [26692388.000000]
21 <-> 8 [8388608.000000]
21 <-> 9 [2147509248.000000]
21 <-> 10 [30026648.000000]
21 <-> 11 [22587018.000000]
21 <-> 12 [15122778.000000]
21 <-> 13 [18757498.000000]
21 <-> 14 [16907780.000000]
21 <-> 15 [2128659840.000000]
21 <-> 16 [27343516.000000]
21 <-> 17 [32011636.000000]
21 <-> 18 [12756478.000000]
21 <-> 19 [28233772.000000]
21 <-> 20 [18757498.000000]
21 <-> 0 [38269432.000000]
21 <-> 1 [1092616192.000000]
21 <-> 2 [1065520384.000000]
21 <-> 3 [2139178368.000000]
21 <-> 4 [28524352.000000]
21 <-> 5 [28524352.000000]
21 <-> 6 [17918074.000000]
21 <-> 7 [26692388.000000]
21 <-> 8 [8388608.000000]
21 <-> 9 [2147509248.000000]
21 <-> 10 [30026648.000000]
21 <-> 11 [22587018.000000]
21 <-> 12 [15122778.000000]
21 <-> 13 [18757498.000000]
21 <-> 14 [16907780.000000]
21 <-> 15 [2128659840.000000]
21 <-> 16 [27343516.000000]
21 <-> 17 [32011636.000000]
21 <-> 18 [12756478.000000]
21 <-> 19 [28233772.000000]
21 <-> 20 [18757498.000000]
21 <-> 21 [0.000000]
21 <-> 21 [0.000000]
21 <-> 22 [26214400.000000]
21 <-> 23 [37821484.000000]
21 <-> 24 [8959037.000000]
21 <-> 25 [30408704.000000]
21 <-> 26 [33766752.000000]
21 <-> 27 [2097152.000000]
21 <-> 28 [29434930.000000]
21 <-> 29 [29434930.000000]
21 <-> 30 [17069580.000000]
21 <-> 31 [23163800.000000]
21 <-> 32 [24546534.000000]
21 <-> 33 [16809952.000000]
21 <-> 34 [31052724.000000]
21 <-> 35 [36685176.000000]
21 <-> 36 [5242880.000000]
21 <-> 22 [26214400.000000]
21 <-> 23 [37821484.000000]
21 <-> 24 [8959037.000000]
21 <-> 25 [30408704.000000]
21 <-> 26 [33766752.000000]
21 <-> 27 [2097152.000000]
21 <-> 28 [29434930.000000]
21 <-> 29 [29434930.000000]
21 <-> 30 [17069580.000000]
21 <-> 31 [23163800.000000]
21 <-> 32 [24546534.000000]
21 <-> 33 [16809952.000000]
21 <-> 34 [31052724.000000]
21 <-> 35 [36685176.000000]
21 <-> 36 [5242880.000000]
22 <-> 0 [13138620.000000]
22 <-> 1 [1092930560.000000]
22 <-> 2 [1091730816.000000]
22 <-> 3 [2165391616.000000]
22 <-> 4 [32573436.000000]
22 <-> 5 [32573436.000000]
22 <-> 6 [11342084.000000]
22 <-> 7 [20251366.000000]
22 <-> 8 [27523872.000000]
22 <-> 9 [2173723392.000000]
22 <-> 10 [30480934.000000]
22 <-> 11 [9892246.000000]
22 <-> 12 [16005818.000000]
22 <-> 13 [12626527.000000]
22 <-> 14 [9667393.000000]
22 <-> 15 [2154873600.000000]
22 <-> 16 [15013324.000000]
22 <-> 17 [28850136.000000]
22 <-> 18 [13791864.000000]
22 <-> 19 [10485760.000000]
22 <-> 20 [12626527.000000]
22 <-> 21 [26214400.000000]
22 <-> 0 [13138620.000000]
22 <-> 1 [1092930560.000000]
22 <-> 2 [1091730816.000000]
22 <-> 3 [2165391616.000000]
22 <-> 4 [32573436.000000]
22 <-> 5 [32573436.000000]
22 <-> 6 [11342084.000000]
22 <-> 7 [20251366.000000]
22 <-> 8 [27523872.000000]
22 <-> 9 [2173723392.000000]
22 <-> 10 [30480934.000000]
22 <-> 11 [9892246.000000]
22 <-> 12 [16005818.000000]
22 <-> 13 [12626527.000000]
22 <-> 14 [9667393.000000]
22 <-> 15 [2154873600.000000]
22 <-> 16 [15013324.000000]
22 <-> 17 [28850136.000000]
22 <-> 18 [13791864.000000]
22 <-> 19 [10485760.000000]
22 <-> 20 [12626527.000000]
22 <-> 21 [26214400.000000]
22 <-> 22 [0.000000]
22 <-> 22 [0.000000]
22 <-> 23 [27262976.000000]
22 <-> 24 [18101228.000000]
22 <-> 25 [4194304.000000]
22 <-> 26 [15267497.000000]
22 <-> 27 [26298152.000000]
22 <-> 28 [3780694.500000]
22 <-> 29 [3780694.500000]
22 <-> 30 [9947665.000000]
22 <-> 31 [3780694.500000]
22 <-> 32 [8959037.000000]
22 <-> 33 [9495260.000000]
22 <-> 34 [7561389.000000]
22 <-> 35 [19589016.000000]
22 <-> 36 [26733548.000000]
22 <-> 23 [27262976.000000]
22 <-> 24 [18101228.000000]
22 <-> 25 [4194304.000000]
22 <-> 26 [15267497.000000]
22 <-> 27 [26298152.000000]
22 <-> 28 [3780694.500000]
22 <-> 29 [3780694.500000]
22 <-> 30 [9947665.000000]
22 <-> 31 [3780694.500000]
22 <-> 32 [8959037.000000]
22 <-> 33 [9495260.000000]
22 <-> 34 [7561389.000000]
22 <-> 35 [19589016.000000]
22 <-> 36 [26733548.000000]
23 <-> 0 [35481556.000000]
23 <-> 1 [1065675712.000000]
23 <-> 2 [1091599872.000000]
23 <-> 3 [2165325568.000000]
23 <-> 4 [17825792.000000]
23 <-> 5 [17825792.000000]
23 <-> 6 [22997068.000000]
23 <-> 7 [11146516.000000]
23 <-> 8 [32302268.000000]
23 <-> 9 [2173762816.000000]
23 <-> 10 [13631488.000000]
23 <-> 11 [19589016.000000]
23 <-> 12 [23282166.000000]
23 <-> 13 [21102184.000000]
23 <-> 14 [26877112.000000]
23 <-> 15 [2154860544.000000]
23 <-> 16 [12970169.000000]
23 <-> 17 [9437184.000000]
23 <-> 18 [28620554.000000]
23 <-> 19 [16777216.000000]
23 <-> 20 [21102184.000000]
23 <-> 21 [37821484.000000]
23 <-> 22 [27262976.000000]
23 <-> 0 [35481556.000000]
23 <-> 1 [1065675712.000000]
23 <-> 2 [1091599872.000000]
23 <-> 3 [2165325568.000000]
23 <-> 4 [17825792.000000]
23 <-> 5 [17825792.000000]
23 <-> 6 [22997068.000000]
23 <-> 7 [11146516.000000]
23 <-> 8 [32302268.000000]
23 <-> 9 [2173762816.000000]
23 <-> 10 [13631488.000000]
23 <-> 11 [19589016.000000]
23 <-> 12 [23282166.000000]
23 <-> 13 [21102184.000000]
23 <-> 14 [26877112.000000]
23 <-> 15 [2154860544.000000]
23 <-> 16 [12970169.000000]
23 <-> 17 [9437184.000000]
23 <-> 18 [28620554.000000]
23 <-> 19 [16777216.000000]
23 <-> 20 [21102184.000000]
23 <-> 21 [37821484.000000]
23 <-> 22 [27262976.000000]
23 <-> 23 [0.000000]
23 <-> 23 [0.000000]
23 <-> 24 [35248376.000000]
23 <-> 25 [27583728.000000]
23 <-> 26 [13263554.000000]
23 <-> 27 [36338868.000000]
23 <-> 28 [25361670.000000]
23 <-> 29 [25361670.000000]
23 <-> 30 [31839436.000000]
23 <-> 31 [25361670.000000]
23 <-> 32 [19134716.000000]
23 <-> 33 [29842996.000000]
23 <-> 34 [21386838.000000]
23 <-> 35 [9892246.000000]
23 <-> 36 [41759136.000000]
23 <-> 24 [35248376.000000]
23 <-> 25 [27583728.000000]
23 <-> 26 [13263554.000000]
23 <-> 27 [36338868.000000]
23 <-> 28 [25361670.000000]
23 <-> 29 [25361670.000000]
23 <-> 30 [31839436.000000]
23 <-> 31 [25361670.000000]
23 <-> 32 [19134716.000000]
23 <-> 33 [29842996.000000]
23 <-> 34 [21386838.000000]
23 <-> 35 [9892246.000000]
23 <-> 36 [41759136.000000]
24 <-> 0 [29528168.000000]
24 <-> 1 [1095794048.000000]
24 <-> 2 [1073967616.000000]
24 <-> 3 [2147596544.000000]
24 <-> 4 [30408704.000000]
24 <-> 5 [30408704.000000]
24 <-> 6 [12626527.000000]
24 <-> 7 [24389256.000000]
24 <-> 8 [14262176.000000]
24 <-> 9 [2155915264.000000]
24 <-> 10 [30696604.000000]
24 <-> 11 [17069580.000000]
24 <-> 12 [12273267.000000]
24 <-> 13 [14262176.000000]
24 <-> 14 [9892246.000000]
24 <-> 15 [2137072256.000000]
24 <-> 16 [23092490.000000]
24 <-> 17 [31544540.000000]
24 <-> 18 [6714162.500000]
24 <-> 19 [22440506.000000]
24 <-> 20 [14262176.000000]
24 <-> 21 [8959037.000000]
24 <-> 22 [18101228.000000]
24 <-> 23 [35248376.000000]
24 <-> 0 [29528168.000000]
24 <-> 1 [1095794048.000000]
24 <-> 2 [1073967616.000000]
24 <-> 3 [2147596544.000000]
24 <-> 4 [30408704.000000]
24 <-> 5 [30408704.000000]
24 <-> 6 [12626527.000000]
24 <-> 7 [24389256.000000]
24 <-> 8 [14262176.000000]
24 <-> 9 [2155915264.000000]
24 <-> 10 [30696604.000000]
24 <-> 11 [17069580.000000]
24 <-> 12 [12273267.000000]
24 <-> 13 [14262176.000000]
24 <-> 14 [9892246.000000]
24 <-> 15 [2137072256.000000]
24 <-> 16 [23092490.000000]
24 <-> 17 [31544540.000000]
24 <-> 18 [6714162.500000]
24 <-> 19 [22440506.000000]
24 <-> 20 [14262176.000000]
24 <-> 21 [8959037.000000]
24 <-> 22 [18101228.000000]
24 <-> 23 [35248376.000000]
24 <-> 24 [0.000000]
24 <-> 24 [0.000000]
24 <-> 25 [22243656.000000]
24 <-> 26 [28330964.000000]
24 <-> 27 [9892246.000000]
24 <-> 28 [21616948.000000]
24 <-> 29 [21616948.000000]
24 <-> 30 [8388608.000000]
24 <-> 31 [15588203.000000]
24 <-> 32 [18669364.000000]
24 <-> 33 [8646779.000000]
24 <-> 34 [23957150.000000]
24 <-> 35 [31891194.000000]
24 <-> 36 [8646779.000000]
24 <-> 25 [22243656.000000]
24 <-> 26 [28330964.000000]
24 <-> 27 [9892246.000000]
24 <-> 28 [21616948.000000]
24 <-> 29 [21616948.000000]
24 <-> 30 [8388608.000000]
24 <-> 31 [15588203.000000]
24 <-> 32 [18669364.000000]
24 <-> 33 [8646779.000000]
24 <-> 34 [23957150.000000]
24 <-> 35 [31891194.000000]
24 <-> 36 [8646779.000000]
25 <-> 0 [9667393.000000]
25 <-> 1 [1093039232.000000]
25 <-> 2 [1095924480.000000]
25 <-> 3 [2169585920.000000]
25 <-> 4 [35045036.000000]
25 <-> 5 [35045036.000000]
25 <-> 6 [15013324.000000]
25 <-> 7 [22119734.000000]
25 <-> 8 [31544540.000000]
25 <-> 9 [2177917696.000000]
25 <-> 10 [32573436.000000]
25 <-> 11 [12626527.000000]
25 <-> 12 [19700954.000000]
25 <-> 13 [16005818.000000]
25 <-> 14 [13791864.000000]
25 <-> 15 [2159067904.000000]
25 <-> 16 [16412811.000000]
25 <-> 17 [30480934.000000]
25 <-> 18 [17948730.000000]
25 <-> 19 [11293509.000000]
25 <-> 20 [16005818.000000]
25 <-> 21 [30408704.000000]
25 <-> 22 [4194304.000000]
25 <-> 23 [27583728.000000]
25 <-> 24 [22243656.000000]
25 <-> 0 [9667393.000000]
25 <-> 1 [1093039232.000000]
25 <-> 2 [1095924480.000000]
25 <-> 3 [2169585920.000000]
25 <-> 4 [35045036.000000]
25 <-> 5 [35045036.000000]
25 <-> 6 [15013324.000000]
25 <-> 7 [22119734.000000]
25 <-> 8 [31544540.000000]
25 <-> 9 [2177917696.000000]
25 <-> 10 [32573436.000000]
25 <-> 11 [12626527.000000]
25 <-> 12 [19700954.000000]
25 <-> 13 [16005818.000000]
25 <-> 14 [13791864.000000]
25 <-> 15 [2159067904.000000]
25 <-> 16 [16412811.000000]
25 <-> 17 [30480934.000000]
25 <-> 18 [17948730.000000]
25 <-> 19 [11293509.000000]
25 <-> 20 [16005818.000000]
25 <-> 21 [30408704.000000]
25 <-> 22 [4194304.000000]
25 <-> 23 [27583728.000000]
25 <-> 24 [22243656.000000]
25 <-> 25 [0.000000]
25 <-> 25 [0.000000]
25 <-> 26 [14680064.000000]
25 <-> 27 [30480934.000000]
25 <-> 28 [2344687.250000]
25 <-> 29 [2344687.250000]
25 <-> 30 [13989749.000000]
25 <-> 31 [7633748.500000]
25 <-> 32 [11146516.000000]
25 <-> 33 [13671758.000000]
25 <-> 34 [6291456.000000]
25 <-> 35 [18903472.000000]
25 <-> 36 [30857366.000000]
25 <-> 26 [14680064.000000]
25 <-> 27 [30480934.000000]
25 <-> 28 [2344687.250000]
25 <-> 29 [2344687.250000]
25 <-> 30 [13989749.000000]
25 <-> 31 [7633748.500000]
25 <-> 32 [11146516.000000]
25 <-> 33 [13671758.000000]
25 <-> 34 [6291456.000000]
25 <-> 35 [18903472.000000]
25 <-> 36 [30857366.000000]
26 <-> 0 [22218928.000000]
26 <-> 1 [1078364928.000000]
26 <-> 2 [1095769984.000000]
26 <-> 3 [2169507840.000000]
26 <-> 4 [25361670.000000]
26 <-> 5 [25361670.000000]
26 <-> 6 [16005818.000000]
26 <-> 7 [12273267.000000]
26 <-> 8 [31052724.000000]
26 <-> 9 [2177896448.000000]
26 <-> 10 [21819454.000000]
26 <-> 11 [11342084.000000]
26 <-> 12 [18903472.000000]
26 <-> 13 [15013324.000000]
26 <-> 14 [18551204.000000]
26 <-> 15 [2159017984.000000]
26 <-> 16 [7340032.000000]
26 <-> 17 [18551204.000000]
26 <-> 18 [21819454.000000]
26 <-> 19 [5931641.500000]
26 <-> 20 [15013324.000000]
26 <-> 21 [33766752.000000]
26 <-> 22 [15267497.000000]
26 <-> 23 [13263554.000000]
26 <-> 24 [28330964.000000]
26 <-> 25 [14680064.000000]
26 <-> 0 [22218928.000000]
26 <-> 1 [1078364928.000000]
26 <-> 2 [1095769984.000000]
26 <-> 3 [2169507840.000000]
26 <-> 4 [25361670.000000]
26 <-> 5 [25361670.000000]
26 <-> 6 [16005818.000000]
26 <-> 7 [12273267.000000]
26 <-> 8 [31052724.000000]
26 <-> 9 [2177896448.000000]
26 <-> 10 [21819454.000000]
26 <-> 11 [11342084.000000]
26 <-> 12 [18903472.000000]
26 <-> 13 [15013324.000000]
26 <-> 14 [18551204.000000]
26 <-> 15 [2159017984.000000]
26 <-> 16 [7340032.000000]
26 <-> 17 [18551204.000000]
26 <-> 18 [21819454.000000]
26 <-> 19 [5931641.500000]
26 <-> 20 [15013324.000000]
26 <-> 21 [33766752.000000]
26 <-> 22 [15267497.000000]
26 <-> 23 [13263554.000000]
26 <-> 24 [28330964.000000]
26 <-> 25 [14680064.000000]
26 <-> 26 [0.000000]
26 <-> 26 [0.000000]
26 <-> 27 [32909254.000000]
26 <-> 28 [12626527.000000]
26 <-> 29 [12626527.000000]
26 <-> 30 [22440506.000000]
26 <-> 31 [14567283.000000]
26 <-> 32 [9667393.000000]
26 <-> 33 [20813640.000000]
26 <-> 34 [8388608.000000]
26 <-> 35 [4323389.500000]
26 <-> 36 [36353996.000000]
26 <-> 27 [32909254.000000]
26 <-> 28 [12626527.000000]
26 <-> 29 [12626527.000000]
26 <-> 30 [22440506.000000]
26 <-> 31 [14567283.000000]
26 <-> 32 [9667393.000000]
26 <-> 33 [20813640.000000]
26 <-> 34 [8388608.000000]
26 <-> 35 [4323389.500000]
26 <-> 36 [36353996.000000]
27 <-> 0 [38669572.000000]
27 <-> 1 [1090519040.000000]
27 <-> 2 [1065485312.000000]
27 <-> 3 [2139160832.000000]
27 <-> 4 [26527108.000000]
27 <-> 5 [26527108.000000]
27 <-> 6 [17293558.000000]
27 <-> 7 [25253054.000000]
27 <-> 8 [6291456.000000]
27 <-> 9 [2147500032.000000]
27 <-> 10 [28136246.000000]
27 <-> 11 [21894910.000000]
27 <-> 12 [14068123.000000]
27 <-> 13 [17918074.000000]
27 <-> 14 [16777216.000000]
27 <-> 15 [2128646528.000000]
27 <-> 16 [26277240.000000]
27 <-> 17 [30245556.000000]
27 <-> 18 [12582912.000000]
27 <-> 19 [27523872.000000]
27 <-> 20 [17918074.000000]
27 <-> 21 [2097152.000000]
27 <-> 22 [26298152.000000]
27 <-> 23 [36338868.000000]
27 <-> 24 [9892246.000000]
27 <-> 25 [30480934.000000]
27 <-> 26 [32909254.000000]
27 <-> 0 [38669572.000000]
27 <-> 1 [1090519040.000000]
27 <-> 2 [1065485312.000000]
27 <-> 3 [2139160832.000000]
27 <-> 4 [26527108.000000]
27 <-> 5 [26527108.000000]
27 <-> 6 [17293558.000000]
27 <-> 7 [25253054.000000]
27 <-> 8 [6291456.000000]
27 <-> 9 [2147500032.000000]
27 <-> 10 [28136246.000000]
27 <-> 11 [21894910.000000]
27 <-> 12 [14068123.000000]
27 <-> 13 [17918074.000000]
27 <-> 14 [16777216.000000]
27 <-> 15 [2128646528.000000]
27 <-> 16 [26277240.000000]
27 <-> 17 [30245556.000000]
27 <-> 18 [12582912.000000]
27 <-> 19 [27523872.000000]
27 <-> 20 [17918074.000000]
27 <-> 21 [2097152.000000]
27 <-> 22 [26298152.000000]
27 <-> 23 [36338868.000000]
27 <-> 24 [9892246.000000]
27 <-> 25 [30480934.000000]
27 <-> 26 [32909254.000000]
27 <-> 27 [0.000000]
27 <-> 27 [0.000000]
27 <-> 28 [29360128.000000]
27 <-> 29 [29360128.000000]
27 <-> 30 [17577336.000000]
27 <-> 31 [23068672.000000]
27 <-> 32 [23911212.000000]
27 <-> 33 [17069580.000000]
27 <-> 34 [30696604.000000]
27 <-> 35 [35651584.000000]
27 <-> 36 [7340032.000000]
27 <-> 28 [29360128.000000]
27 <-> 29 [29360128.000000]
27 <-> 30 [17577336.000000]
27 <-> 31 [23068672.000000]
27 <-> 32 [23911212.000000]
27 <-> 33 [17069580.000000]
27 <-> 34 [30696604.000000]
27 <-> 35 [35651584.000000]
27 <-> 36 [7340032.000000]
28 <-> 0 [11863283.000000]
28 <-> 1 [1090914176.000000]
28 <-> 2 [1094841856.000000]
28 <-> 3 [2168520192.000000]
28 <-> 4 [32758562.000000]
28 <-> 5 [32758562.000000]
28 <-> 6 [13263554.000000]
28 <-> 7 [19784492.000000]
28 <-> 8 [30026648.000000]
28 <-> 9 [2176859904.000000]
28 <-> 10 [30245556.000000]
28 <-> 11 [10485760.000000]
28 <-> 12 [17918074.000000]
28 <-> 13 [14068123.000000]
28 <-> 14 [12582912.000000]
28 <-> 15 [2158006016.000000]
28 <-> 16 [14068123.000000]
28 <-> 17 [28136246.000000]
28 <-> 18 [16777216.000000]
28 <-> 19 [8959037.000000]
28 <-> 20 [14068123.000000]
28 <-> 21 [29434930.000000]
28 <-> 22 [3780694.500000]
28 <-> 23 [25361670.000000]
28 <-> 24 [21616948.000000]
28 <-> 25 [2344687.250000]
28 <-> 26 [12626527.000000]
28 <-> 27 [29360128.000000]
28 <-> 0 [11863283.000000]
28 <-> 1 [1090914176.000000]
28 <-> 2 [1094841856.000000]
28 <-> 3 [2168520192.000000]
28 <-> 4 [32758562.000000]
28 <-> 5 [32758562.000000]
28 <-> 6 [13263554.000000]
28 <-> 7 [19784492.000000]
28 <-> 8 [30026648.000000]
28 <-> 9 [2176859904.000000]
28 <-> 10 [30245556.000000]
28 <-> 11 [10485760.000000]
28 <-> 12 [17918074.000000]
28 <-> 13 [14068123.000000]
28 <-> 14 [12582912.000000]
28 <-> 15 [2158006016.000000]
28 <-> 16 [14068123.000000]
28 <-> 17 [28136246.000000]
28 <-> 18 [16777216.000000]
28 <-> 19 [8959037.000000]
28 <-> 20 [14068123.000000]
28 <-> 21 [29434930.000000]
28 <-> 22 [3780694.500000]
28 <-> 23 [25361670.000000]
28 <-> 24 [21616948.000000]
28 <-> 25 [2344687.250000]
28 <-> 26 [12626527.000000]
28 <-> 27 [29360128.000000]
28 <-> 28 [0.000000]
28 <-> 28 [0.000000]
28 <-> 29 [0.000000]
28 <-> 30 [13631488.000000]
28 <-> 31 [6291456.000000]
28 <-> 32 [8897462.000000]
28 <-> 33 [12970169.000000]
28 <-> 34 [4323389.500000]
28 <-> 35 [16907780.000000]
28 <-> 36 [30263728.000000]
28 <-> 29 [0.000000]
28 <-> 30 [13631488.000000]
28 <-> 31 [6291456.000000]
28 <-> 32 [8897462.000000]
28 <-> 33 [12970169.000000]
28 <-> 34 [4323389.500000]
28 <-> 35 [16907780.000000]
28 <-> 36 [30263728.000000]
29 <-> 0 [11863283.000000]
29 <-> 1 [1090914176.000000]
29 <-> 2 [1094841856.000000]
29 <-> 3 [2168520192.000000]
29 <-> 4 [32758562.000000]
29 <-> 5 [32758562.000000]
29 <-> 6 [13263554.000000]
29 <-> 7 [19784492.000000]
29 <-> 8 [30026648.000000]
29 <-> 9 [2176859904.000000]
29 <-> 10 [30245556.000000]
29 <-> 11 [10485760.000000]
29 <-> 12 [17918074.000000]
29 <-> 13 [14068123.000000]
29 <-> 14 [12582912.000000]
29 <-> 15 [2158006016.000000]
29 <-> 16 [14068123.000000]
29 <-> 17 [28136246.000000]
29 <-> 18 [16777216.000000]
29 <-> 19 [8959037.000000]
29 <-> 20 [14068123.000000]
29 <-> 21 [29434930.000000]
29 <-> 22 [3780694.500000]
29 <-> 23 [25361670.000000]
29 <-> 24 [21616948.000000]
29 <-> 25 [2344687.250000]
29 <-> 26 [12626527.000000]
29 <-> 27 [29360128.000000]
29 <-> 28 [0.000000]
29 <-> 0 [11863283.000000]
29 <-> 1 [1090914176.000000]
29 <-> 2 [1094841856.000000]
29 <-> 3 [2168520192.000000]
29 <-> 4 [32758562.000000]
29 <-> 5 [32758562.000000]
29 <-> 6 [13263554.000000]
29 <-> 7 [19784492.000000]
29 <-> 8 [30026648.000000]
29 <-> 9 [2176859904.000000]
29 <-> 10 [30245556.000000]
29 <-> 11 [10485760.000000]
29 <-> 12 [17918074.000000]
29 <-> 13 [14068123.000000]
29 <-> 14 [12582912.000000]
29 <-> 15 [2158006016.000000]
29 <-> 16 [14068123.000000]
29 <-> 17 [28136246.000000]
29 <-> 18 [16777216.000000]
29 <-> 19 [8959037.000000]
29 <-> 20 [14068123.000000]
29 <-> 21 [29434930.000000]
29 <-> 22 [3780694.500000]
29 <-> 23 [25361670.000000]
29 <-> 24 [21616948.000000]
29 <-> 25 [2344687.250000]
29 <-> 26 [12626527.000000]
29 <-> 27 [29360128.000000]
29 <-> 28 [0.000000]
29 <-> 29 [0.000000]
29 <-> 29 [0.000000]
29 <-> 30 [13631488.000000]
29 <-> 31 [6291456.000000]
29 <-> 32 [8897462.000000]
29 <-> 33 [12970169.000000]
29 <-> 34 [4323389.500000]
29 <-> 35 [16907780.000000]
29 <-> 36 [30263728.000000]
29 <-> 30 [13631488.000000]
29 <-> 31 [6291456.000000]
29 <-> 32 [8897462.000000]
29 <-> 33 [12970169.000000]
29 <-> 34 [4323389.500000]
29 <-> 35 [16907780.000000]
29 <-> 36 [30263728.000000]
30 <-> 0 [21206138.000000]
30 <-> 1 [1095890304.000000]
30 <-> 2 [1082354432.000000]
30 <-> 3 [2155984640.000000]
30 <-> 4 [31544540.000000]
30 <-> 5 [31544540.000000]
30 <-> 6 [9437184.000000]
30 <-> 7 [22119734.000000]
30 <-> 8 [20359664.000000]
30 <-> 9 [2164303872.000000]
30 <-> 10 [30696604.000000]
30 <-> 11 [12273267.000000]
30 <-> 12 [12273267.000000]
30 <-> 13 [11534336.000000]
30 <-> 14 [5242880.000000]
30 <-> 15 [2145460608.000000]
30 <-> 16 [18903472.000000]
30 <-> 17 [30408704.000000]
30 <-> 18 [6714162.500000]
30 <-> 19 [16579442.000000]
30 <-> 20 [11534336.000000]
30 <-> 21 [17069580.000000]
30 <-> 22 [9947665.000000]
30 <-> 23 [31839436.000000]
30 <-> 24 [8388608.000000]
30 <-> 25 [13989749.000000]
30 <-> 26 [22440506.000000]
30 <-> 27 [17577336.000000]
30 <-> 28 [13631488.000000]
30 <-> 29 [13631488.000000]
30 <-> 0 [21206138.000000]
30 <-> 1 [1095890304.000000]
30 <-> 2 [1082354432.000000]
30 <-> 3 [2155984640.000000]
30 <-> 4 [31544540.000000]
30 <-> 5 [31544540.000000]
30 <-> 6 [9437184.000000]
30 <-> 7 [22119734.000000]
30 <-> 8 [20359664.000000]
30 <-> 9 [2164303872.000000]
30 <-> 10 [30696604.000000]
30 <-> 11 [12273267.000000]
30 <-> 12 [12273267.000000]
30 <-> 13 [11534336.000000]
30 <-> 14 [5242880.000000]
30 <-> 15 [2145460608.000000]
30 <-> 16 [18903472.000000]
30 <-> 17 [30408704.000000]
30 <-> 18 [6714162.500000]
30 <-> 19 [16579442.000000]
30 <-> 20 [11534336.000000]
30 <-> 21 [17069580.000000]
30 <-> 22 [9947665.000000]
30 <-> 23 [31839436.000000]
30 <-> 24 [8388608.000000]
30 <-> 25 [13989749.000000]
30 <-> 26 [22440506.000000]
30 <-> 27 [17577336.000000]
30 <-> 28 [13631488.000000]
30 <-> 29 [13631488.000000]
30 <-> 30 [0.000000]
30 <-> 30 [0.000000]
30 <-> 31 [8189640.500000]
30 <-> 32 [13138620.000000]
30 <-> 33 [2097152.000000]
30 <-> 34 [16579442.000000]
30 <-> 35 [26464862.000000]
30 <-> 36 [16907780.000000]
30 <-> 31 [8189640.500000]
30 <-> 32 [13138620.000000]
30 <-> 33 [2097152.000000]
30 <-> 34 [16579442.000000]
30 <-> 35 [26464862.000000]
30 <-> 36 [16907780.000000]
31 <-> 0 [16907780.000000]
31 <-> 1 [1090763008.000000]
31 <-> 2 [1088551168.000000]
31 <-> 3 [2162228736.000000]
31 <-> 4 [29134566.000000]
31 <-> 5 [29134566.000000]
31 <-> 6 [7561389.000000]
31 <-> 7 [17293558.000000]
31 <-> 8 [23911212.000000]
31 <-> 9 [2170568448.000000]
31 <-> 10 [27262976.000000]
31 <-> 11 [6631777.000000]
31 <-> 12 [12228392.000000]
31 <-> 13 [8897462.000000]
31 <-> 14 [6291456.000000]
31 <-> 15 [2151714816.000000]
31 <-> 16 [12582912.000000]
31 <-> 17 [25940338.000000]
31 <-> 18 [10485760.000000]
31 <-> 19 [8959037.000000]
31 <-> 20 [8897462.000000]
31 <-> 21 [23163800.000000]
31 <-> 22 [3780694.500000]
31 <-> 23 [25361670.000000]
31 <-> 24 [15588203.000000]
31 <-> 25 [7633748.500000]
31 <-> 26 [14567283.000000]
31 <-> 27 [23068672.000000]
31 <-> 28 [6291456.000000]
31 <-> 29 [6291456.000000]
31 <-> 30 [8189640.500000]
31 <-> 0 [16907780.000000]
31 <-> 1 [1090763008.000000]
31 <-> 2 [1088551168.000000]
31 <-> 3 [2162228736.000000]
31 <-> 4 [29134566.000000]
31 <-> 5 [29134566.000000]
31 <-> 6 [7561389.000000]
31 <-> 7 [17293558.000000]
31 <-> 8 [23911212.000000]
31 <-> 9 [2170568448.000000]
31 <-> 10 [27262976.000000]
31 <-> 11 [6631777.000000]
31 <-> 12 [12228392.000000]
31 <-> 13 [8897462.000000]
31 <-> 14 [6291456.000000]
31 <-> 15 [2151714816.000000]
31 <-> 16 [12582912.000000]
31 <-> 17 [25940338.000000]
31 <-> 18 [10485760.000000]
31 <-> 19 [8959037.000000]
31 <-> 20 [8897462.000000]
31 <-> 21 [23163800.000000]
31 <-> 22 [3780694.500000]
31 <-> 23 [25361670.000000]
31 <-> 24 [15588203.000000]
31 <-> 25 [7633748.500000]
31 <-> 26 [14567283.000000]
31 <-> 27 [23068672.000000]
31 <-> 28 [6291456.000000]
31 <-> 29 [6291456.000000]
31 <-> 30 [8189640.500000]
31 <-> 31 [0.000000]
31 <-> 31 [0.000000]
31 <-> 32 [6291456.000000]
31 <-> 33 [7034061.500000]
31 <-> 34 [8453890.000000]
31 <-> 35 [18757498.000000]
31 <-> 36 [24208256.000000]
31 <-> 32 [6291456.000000]
31 <-> 33 [7034061.500000]
31 <-> 34 [8453890.000000]
31 <-> 35 [18757498.000000]
31 <-> 36 [24208256.000000]
32 <-> 0 [20760746.000000]
32 <-> 1 [1084472960.000000]
32 <-> 2 [1088472448.000000]
32 <-> 3 [2162189056.000000]
32 <-> 4 [23911212.000000]
32 <-> 5 [23911212.000000]
32 <-> 6 [6631777.000000]
32 <-> 7 [11293509.000000]
32 <-> 8 [23068672.000000]
32 <-> 9 [2170553344.000000]
32 <-> 10 [21591502.000000]
32 <-> 11 [2097152.000000]
32 <-> 12 [10485760.000000]
32 <-> 13 [6291456.000000]
32 <-> 14 [8897462.000000]
32 <-> 15 [2151687168.000000]
32 <-> 16 [6291456.000000]
32 <-> 17 [19895330.000000]
32 <-> 18 [12228392.000000]
32 <-> 19 [3780694.500000]
32 <-> 20 [6291456.000000]
32 <-> 21 [24546534.000000]
32 <-> 22 [8959037.000000]
32 <-> 23 [19134716.000000]
32 <-> 24 [18669364.000000]
32 <-> 25 [11146516.000000]
32 <-> 26 [9667393.000000]
32 <-> 27 [23911212.000000]
32 <-> 28 [8897462.000000]
32 <-> 29 [8897462.000000]
32 <-> 30 [13138620.000000]
32 <-> 31 [6291456.000000]
32 <-> 0 [20760746.000000]
32 <-> 1 [1084472960.000000]
32 <-> 2 [1088472448.000000]
32 <-> 3 [2162189056.000000]
32 <-> 4 [23911212.000000]
32 <-> 5 [23911212.000000]
32 <-> 6 [6631777.000000]
32 <-> 7 [11293509.000000]
32 <-> 8 [23068672.000000]
32 <-> 9 [2170553344.000000]
32 <-> 10 [21591502.000000]
32 <-> 11 [2097152.000000]
32 <-> 12 [10485760.000000]
32 <-> 13 [6291456.000000]
32 <-> 14 [8897462.000000]
32 <-> 15 [2151687168.000000]
32 <-> 16 [6291456.000000]
32 <-> 17 [19895330.000000]
32 <-> 18 [12228392.000000]
32 <-> 19 [3780694.500000]
32 <-> 20 [6291456.000000]
32 <-> 21 [24546534.000000]
32 <-> 22 [8959037.000000]
32 <-> 23 [19134716.000000]
32 <-> 24 [18669364.000000]
32 <-> 25 [11146516.000000]
32 <-> 26 [9667393.000000]
32 <-> 27 [23911212.000000]
32 <-> 28 [8897462.000000]
32 <-> 29 [8897462.000000]
32 <-> 30 [13138620.000000]
32 <-> 31 [6291456.000000]
32 <-> 32 [0.000000]
32 <-> 32 [0.000000]
32 <-> 33 [11342084.000000]
32 <-> 34 [7633748.500000]
32 <-> 35 [13428325.000000]
32 <-> 36 [26795170.000000]
32 <-> 33 [11342084.000000]
32 <-> 34 [7633748.500000]
32 <-> 35 [13428325.000000]
32 <-> 36 [26795170.000000]
33 <-> 0 [21616948.000000]
33 <-> 1 [1093793408.000000]
33 <-> 2 [1082313856.000000]
33 <-> 3 [2155964416.000000]
33 <-> 4 [29528168.000000]
33 <-> 5 [29528168.000000]
33 <-> 6 [7340032.000000]
33 <-> 7 [20033016.000000]
33 <-> 8 [19249296.000000]
33 <-> 9 [2164291584.000000]
33 <-> 10 [28620554.000000]
33 <-> 11 [10327276.000000]
33 <-> 12 [10327276.000000]
33 <-> 13 [9437184.000000]
33 <-> 14 [3145728.000000]
33 <-> 15 [2145444096.000000]
33 <-> 16 [16940264.000000]
33 <-> 17 [28311552.000000]
33 <-> 18 [5242880.000000]
33 <-> 19 [14903065.000000]
33 <-> 20 [9437184.000000]
33 <-> 21 [16809952.000000]
33 <-> 22 [9495260.000000]
33 <-> 23 [29842996.000000]
33 <-> 24 [8646779.000000]
33 <-> 25 [13671758.000000]
33 <-> 26 [20813640.000000]
33 <-> 27 [17069580.000000]
33 <-> 28 [12970169.000000]
33 <-> 29 [12970169.000000]
33 <-> 30 [2097152.000000]
33 <-> 31 [7034061.500000]
33 <-> 32 [11342084.000000]
33 <-> 0 [21616948.000000]
33 <-> 1 [1093793408.000000]
33 <-> 2 [1082313856.000000]
33 <-> 3 [2155964416.000000]
33 <-> 4 [29528168.000000]
33 <-> 5 [29528168.000000]
33 <-> 6 [7340032.000000]
33 <-> 7 [20033016.000000]
33 <-> 8 [19249296.000000]
33 <-> 9 [2164291584.000000]
33 <-> 10 [28620554.000000]
33 <-> 11 [10327276.000000]
33 <-> 12 [10327276.000000]
33 <-> 13 [9437184.000000]
33 <-> 14 [3145728.000000]
33 <-> 15 [2145444096.000000]
33 <-> 16 [16940264.000000]
33 <-> 17 [28311552.000000]
33 <-> 18 [5242880.000000]
33 <-> 19 [14903065.000000]
33 <-> 20 [9437184.000000]
33 <-> 21 [16809952.000000]
33 <-> 22 [9495260.000000]
33 <-> 23 [29842996.000000]
33 <-> 24 [8646779.000000]
33 <-> 25 [13671758.000000]
33 <-> 26 [20813640.000000]
33 <-> 27 [17069580.000000]
33 <-> 28 [12970169.000000]
33 <-> 29 [12970169.000000]
33 <-> 30 [2097152.000000]
33 <-> 31 [7034061.500000]
33 <-> 32 [11342084.000000]
33 <-> 33 [0.000000]
33 <-> 33 [0.000000]
33 <-> 34 [15482039.000000]
33 <-> 35 [24747282.000000]
33 <-> 36 [17293558.000000]
33 <-> 34 [15482039.000000]
33 <-> 35 [24747282.000000]
33 <-> 36 [17293558.000000]
34 <-> 0 [14567283.000000]
34 <-> 1 [1086750208.000000]
34 <-> 2 [1095834112.000000]
34 <-> 3 [2169540352.000000]
34 <-> 4 [30408704.000000]
34 <-> 5 [30408704.000000]
34 <-> 6 [13631488.000000]
34 <-> 7 [17069580.000000]
34 <-> 8 [30480934.000000]
34 <-> 9 [2177896448.000000]
34 <-> 10 [27523872.000000]
34 <-> 11 [9667393.000000]
34 <-> 12 [17948730.000000]
34 <-> 13 [13791864.000000]
34 <-> 14 [14262176.000000]
34 <-> 15 [2159034368.000000]
34 <-> 16 [11146516.000000]
34 <-> 17 [25012440.000000]
34 <-> 18 [18312592.000000]
34 <-> 19 [5931641.500000]
34 <-> 20 [13791864.000000]
34 <-> 21 [31052724.000000]
34 <-> 22 [7561389.000000]
34 <-> 23 [21386838.000000]
34 <-> 24 [23957150.000000]
34 <-> 25 [6291456.000000]
34 <-> 26 [8388608.000000]
34 <-> 27 [30696604.000000]
34 <-> 28 [4323389.500000]
34 <-> 29 [4323389.500000]
34 <-> 30 [16579442.000000]
34 <-> 31 [8453890.000000]
34 <-> 32 [7633748.500000]
34 <-> 33 [15482039.000000]
34 <-> 0 [14567283.000000]
34 <-> 1 [1086750208.000000]
34 <-> 2 [1095834112.000000]
34 <-> 3 [2169540352.000000]
34 <-> 4 [30408704.000000]
34 <-> 5 [30408704.000000]
34 <-> 6 [13631488.000000]
34 <-> 7 [17069580.000000]
34 <-> 8 [30480934.000000]
34 <-> 9 [2177896448.000000]
34 <-> 10 [27523872.000000]
34 <-> 11 [9667393.000000]
34 <-> 12 [17948730.000000]
34 <-> 13 [13791864.000000]
34 <-> 14 [14262176.000000]
34 <-> 15 [2159034368.000000]
34 <-> 16 [11146516.000000]
34 <-> 17 [25012440.000000]
34 <-> 18 [18312592.000000]
34 <-> 19 [5931641.500000]
34 <-> 20 [13791864.000000]
34 <-> 21 [31052724.000000]
34 <-> 22 [7561389.000000]
34 <-> 23 [21386838.000000]
34 <-> 24 [23957150.000000]
34 <-> 25 [6291456.000000]
34 <-> 26 [8388608.000000]
34 <-> 27 [30696604.000000]
34 <-> 28 [4323389.500000]
34 <-> 29 [4323389.500000]
34 <-> 30 [16579442.000000]
34 <-> 31 [8453890.000000]
34 <-> 32 [7633748.500000]
34 <-> 33 [15482039.000000]
34 <-> 34 [0.000000]
34 <-> 34 [0.000000]
34 <-> 35 [12626527.000000]
34 <-> 36 [32522764.000000]
34 <-> 35 [12626527.000000]
34 <-> 36 [32522764.000000]
35 <-> 0 [25940338.000000]
35 <-> 1 [1074202496.000000]
35 <-> 2 [1096810496.000000]
35 <-> 3 [2170552320.000000]
35 <-> 4 [24546534.000000]
35 <-> 5 [24546534.000000]
35 <-> 6 [19334786.000000]
35 <-> 7 [12582912.000000]
35 <-> 8 [33158884.000000]
35 <-> 9 [2178957056.000000]
35 <-> 10 [20654552.000000]
35 <-> 11 [14829104.000000]
35 <-> 12 [21591502.000000]
35 <-> 13 [18040384.000000]
35 <-> 14 [22293032.000000]
35 <-> 15 [2160070656.000000]
35 <-> 16 [9378749.000000]
35 <-> 17 [16907780.000000]
35 <-> 18 [25253054.000000]
35 <-> 19 [9892246.000000]
35 <-> 20 [18040384.000000]
35 <-> 21 [36685176.000000]
35 <-> 22 [19589016.000000]
35 <-> 23 [9892246.000000]
35 <-> 24 [31891194.000000]
35 <-> 25 [18903472.000000]
35 <-> 26 [4323389.500000]
35 <-> 27 [35651584.000000]
35 <-> 28 [16907780.000000]
35 <-> 29 [16907780.000000]
35 <-> 30 [26464862.000000]
35 <-> 31 [18757498.000000]
35 <-> 32 [13428325.000000]
35 <-> 33 [24747282.000000]
35 <-> 34 [12626527.000000]
35 <-> 0 [25940338.000000]
35 <-> 1 [1074202496.000000]
35 <-> 2 [1096810496.000000]
35 <-> 3 [2170552320.000000]
35 <-> 4 [24546534.000000]
35 <-> 5 [24546534.000000]
35 <-> 6 [19334786.000000]
35 <-> 7 [12582912.000000]
35 <-> 8 [33158884.000000]
35 <-> 9 [2178957056.000000]
35 <-> 10 [20654552.000000]
35 <-> 11 [14829104.000000]
35 <-> 12 [21591502.000000]
35 <-> 13 [18040384.000000]
35 <-> 14 [22293032.000000]
35 <-> 15 [2160070656.000000]
35 <-> 16 [9378749.000000]
35 <-> 17 [16907780.000000]
35 <-> 18 [25253054.000000]
35 <-> 19 [9892246.000000]
35 <-> 20 [18040384.000000]
35 <-> 21 [36685176.000000]
35 <-> 22 [19589016.000000]
35 <-> 23 [9892246.000000]
35 <-> 24 [31891194.000000]
35 <-> 25 [18903472.000000]
35 <-> 26 [4323389.500000]
35 <-> 27 [35651584.000000]
35 <-> 28 [16907780.000000]
35 <-> 29 [16907780.000000]
35 <-> 30 [26464862.000000]
35 <-> 31 [18757498.000000]
35 <-> 32 [13428325.000000]
35 <-> 33 [24747282.000000]
35 <-> 34 [12626527.000000]
35 <-> 35 [0.000000]
35 <-> 35 [0.000000]
35 <-> 36 [39638392.000000]
35 <-> 36 [39638392.000000]
36 <-> 0 [37763296.000000]
36 <-> 1 [1097859072.000000]
36 <-> 2 [1065626176.000000]
36 <-> 3 [2139230976.000000]
36 <-> 4 [33570812.000000]
36 <-> 5 [33570812.000000]
36 <-> 6 [20359664.000000]
36 <-> 7 [30624882.000000]
36 <-> 8 [13631488.000000]
36 <-> 9 [2147541248.000000]
36 <-> 10 [34856280.000000]
36 <-> 11 [25012440.000000]
36 <-> 12 [18551204.000000]
36 <-> 13 [21616948.000000]
36 <-> 14 [18312592.000000]
36 <-> 15 [2128702464.000000]
36 <-> 16 [30480934.000000]
36 <-> 17 [36580128.000000]
36 <-> 18 [14567283.000000]
36 <-> 19 [30570982.000000]
36 <-> 20 [21616948.000000]
36 <-> 21 [5242880.000000]
36 <-> 22 [26733548.000000]
36 <-> 23 [41759136.000000]
36 <-> 24 [8646779.000000]
36 <-> 25 [30857366.000000]
36 <-> 26 [36353996.000000]
36 <-> 27 [7340032.000000]
36 <-> 28 [30263728.000000]
36 <-> 29 [30263728.000000]
36 <-> 30 [16907780.000000]
36 <-> 31 [24208256.000000]
36 <-> 32 [26795170.000000]
36 <-> 33 [17293558.000000]
36 <-> 34 [32522764.000000]
36 <-> 35 [39638392.000000]
36 <-> 0 [37763296.000000]
36 <-> 1 [1097859072.000000]
36 <-> 2 [1065626176.000000]
36 <-> 3 [2139230976.000000]
36 <-> 4 [33570812.000000]
36 <-> 5 [33570812.000000]
36 <-> 6 [20359664.000000]
36 <-> 7 [30624882.000000]
36 <-> 8 [13631488.000000]
36 <-> 9 [2147541248.000000]
36 <-> 10 [34856280.000000]
36 <-> 11 [25012440.000000]
36 <-> 12 [18551204.000000]
36 <-> 13 [21616948.000000]
36 <-> 14 [18312592.000000]
36 <-> 15 [2128702464.000000]
36 <-> 16 [30480934.000000]
36 <-> 17 [36580128.000000]
36 <-> 18 [14567283.000000]
36 <-> 19 [30570982.000000]
36 <-> 20 [21616948.000000]
36 <-> 21 [5242880.000000]
36 <-> 22 [26733548.000000]
36 <-> 23 [41759136.000000]
36 <-> 24 [8646779.000000]
36 <-> 25 [30857366.000000]
36 <-> 26 [36353996.000000]
36 <-> 27 [7340032.000000]
36 <-> 28 [30263728.000000]
36 <-> 29 [30263728.000000]
36 <-> 30 [16907780.000000]
36 <-> 31 [24208256.000000]
36 <-> 32 [26795170.000000]
36 <-> 33 [17293558.000000]
36 <-> 34 [32522764.000000]
36 <-> 35 [39638392.000000]
36 <-> 36 [0.000000]
36 <-> 36 [0.000000]
Forest Generated:
155507 runs generated in 5.000000 seconds: 0.000032 seconds/run.
