Test Case Number 1:
Maximum Prize = 16
Stating Energy = 8
Used Energy = 8
Energy Left = 0
Path Taken:
1 1
2 1
1 1
2 1
1 1
2 1
1 1
2 1
1 1


385395 runs generated in 5.000000 seconds: 0.000013 seconds/run.
Test Case Number 2:
Maximum Prize = 10018
Stating Energy = 10
Used Energy = 10
Energy Left = 0
Path Taken:
1 1
1 2
1 3
1 4
2 5
3 6
2 5
1 4
1 3
1 2
1 1


1 runs generated in 5.000000 seconds: 5.000000 seconds/run.
Test Case Number 3:
Maximum Prize = 16
Stating Energy = 8
Used Energy = 8
Energy Left = 0
Path Taken:
1 1
2 1
1 1
2 1
1 1
2 1
1 1
2 1
1 1


1 runs generated in 5.000000 seconds: 5.000000 seconds/run.
Test Case Number 4:
Maximum Prize = 284
Stating Energy = 22
Used Energy = 22
Energy Left = 0
Path Taken:
1 1
2 2
3 3
4 4
5 5
5 6
5 7
5 8
5 7
5 8
5 7
5 8
5 7
5 8
5 7
5 8
5 7
5 6
5 5
4 4
3 3
2 2
1 1


1 runs generated in 5.000000 seconds: 5.000000 seconds/run.
Test Case Number 5:
Maximum Prize = 57
Stating Energy = 18
Used Energy = 18
Energy Left = 0
Path Taken:
1 1
1 2
1 3
2 4
1 3
2 4
1 3
2 4
1 3
2 4
1 3
2 4
1 3
2 4
1 3
2 4
1 3
1 2
1 1


1 runs generated in 5.000000 seconds: 5.000000 seconds/run.
